#
# There is insufficient memory for the Java Runtime Environment to continue.
# Native memory allocation (mmap) failed to map 199229440 bytes for G1 virtual space
# Possible reasons:
#   The system is out of physical RAM or swap space
#   The process is running with CompressedOops enabled, and the Java Heap may be blocking the growth of the native heap
# Possible solutions:
#   Reduce memory load on the system
#   Increase physical memory or swap space
#   Check if swap backing store is full
#   Decrease Java heap size (-Xmx/-Xms)
#   Decrease number of Java threads
#   Decrease Java thread stack sizes (-Xss)
#   Set larger code cache with -XX:ReservedCodeCacheSize=
#   JVM is running with Zero Based Compressed Oops mode in which the Java heap is
#     placed in the first 32GB address space. The Java Heap base address is the
#     maximum limit for the native heap growth. Please use -XX:HeapBaseMinAddress
#     to set the Java Heap base and to place the Java Heap above 32GB virtual address.
# This output file may be truncated or incomplete.
#
#  Out of Memory Error (os_windows.cpp:3528), pid=25332, tid=28468
#
# JRE version:  (20.0.2+9) (build )
# Java VM: Java HotSpot(TM) 64-Bit Server VM (20.0.2+9-78, mixed mode, sharing, tiered, compressed oops, compressed class ptrs, g1 gc, windows-amd64)
# No core dump will be written. Minidumps are not enabled by default on client versions of Windows
#

---------------  S U M M A R Y ------------

Command Line: -Dfile.encoding=UTF-8 --module-path=C:\Users\LENOVO\Documents\NetBeansProjects\Inventario\build\classes vista.MenuPrincipal

Host: Intel(R) Core(TM) i5-8250U CPU @ 1.60GHz, 8 cores, 11G,  Windows 11 , 64 bit Build 22621 (10.0.22621.3672)
Time: Wed Jul  3 17:12:47 2024 Hora est. Pacífico, Sudamérica elapsed time: 0.024534 seconds (0d 0h 0m 0s)

---------------  T H R E A D  ---------------

Current thread (0x0000029d8bd50530):  JavaThread "Unknown thread" [_thread_in_vm, id=28468, stack(0x000000f56f700000,0x000000f56f800000)]

Stack: [0x000000f56f700000,0x000000f56f800000]
Native frames: (J=compiled Java code, j=interpreted, Vv=VM code, C=native code)
V  [jvm.dll+0x6bc25a]
V  [jvm.dll+0x84971a]
V  [jvm.dll+0x84b315]
V  [jvm.dll+0x84ba13]
V  [jvm.dll+0x280e4f]
V  [jvm.dll+0x6b8fe9]
V  [jvm.dll+0x6adbca]
V  [jvm.dll+0x35b165]
V  [jvm.dll+0x363386]
V  [jvm.dll+0x3b400e]
V  [jvm.dll+0x3b4295]
V  [jvm.dll+0x32b86a]
V  [jvm.dll+0x32c68b]
V  [jvm.dll+0x8123df]
V  [jvm.dll+0x3c1261]
V  [jvm.dll+0x7fe103]
V  [jvm.dll+0x44ccaf]
V  [jvm.dll+0x44e621]
C  [jli.dll+0x5287]
C  [ucrtbase.dll+0x29333]
C  [KERNEL32.DLL+0x1257d]
C  [ntdll.dll+0x5af28]


---------------  P R O C E S S  ---------------

Threads class SMR info:
_java_thread_list=0x00007ffe68f2b118, length=0, elements={
}

Java Threads: ( => current thread )

Other Threads:
  0x0000029d8bdad5b0 WorkerThread "GC Thread#0" [stack: 0x000000f56f800000,0x000000f56f900000] [id=31364]
  0x0000029d8bdba2c0 ConcurrentGCThread "G1 Main Marker" [stack: 0x000000f56f900000,0x000000f56fa00000] [id=32112]
  0x0000029d8bdbc3b0 WorkerThread "G1 Conc#0" [stack: 0x000000f56fa00000,0x000000f56fb00000] [id=15704]

[error occurred during error reporting (printing all threads), id 0xc0000005, EXCEPTION_ACCESS_VIOLATION (0xc0000005) at pc=0x00007ffe6870eea7]
VM state: not at safepoint (not fully initialized)

VM Mutex/Monitor currently owned by a thread:  ([mutex/lock_event])
[0x0000029d8bd4baf0] Heap_lock - owner thread: 0x0000029d8bd50530

Heap address: 0x0000000742a00000, size: 3030 MB, Compressed Oops mode: Zero based, Oop shift amount: 3

CDS archive(s) mapped at: [0x0000000000000000-0x0000000000000000-0x0000000000000000), size 0, SharedBaseAddress: 0x0000000800000000, ArchiveRelocationMode: 1.
Narrow klass base: 0x0000000000000000, Narrow klass shift: 0, Narrow klass range: 0x0

GC Precious Log:
 CardTable entry size: 512
 Card Set container configuration: InlinePtr #cards 4 size 8 Array Of Cards #cards 16 size 48 Howl #buckets 8 coarsen threshold 3686 Howl Bitmap #cards 512 size 80 coarsen threshold 460 Card regions per heap region 1 cards per card region 4096

Heap:
 garbage-first heap   total 0K, used 0K [0x0000000742a00000, 0x0000000800000000)
  region size 2048K, 0 young (0K), 0 survivors (0K)

[error occurred during error reporting (printing heap information), id 0xc0000005, EXCEPTION_ACCESS_VIOLATION (0xc0000005) at pc=0x00007ffe68ae47b9]
GC Heap History (0 events):
No events

Dll operation events (1 events):
Event: 0.014 Loaded shared library C:\Program Files\Java\jdk-20\bin\java.dll

Deoptimization events (0 events):
No events

Classes loaded (0 events):
No events

Classes unloaded (0 events):
No events

Classes redefined (0 events):
No events

Internal exceptions (0 events):
No events

VM Operations (0 events):
No events

Events (0 events):
No events


Dynamic libraries:
0x00007ff73ee30000 - 0x00007ff73ee40000 	C:\Program Files\Java\jdk-20\bin\java.exe
0x00007ffecb530000 - 0x00007ffecb747000 	C:\WINDOWS\SYSTEM32\ntdll.dll
0x00007ffeca110000 - 0x00007ffeca1d4000 	C:\WINDOWS\System32\KERNEL32.DLL
0x00007ffec89b0000 - 0x00007ffec8d5c000 	C:\WINDOWS\System32\KERNELBASE.dll
0x00007ffec8d60000 - 0x00007ffec8e71000 	C:\WINDOWS\System32\ucrtbase.dll
0x00007ffeaf620000 - 0x00007ffeaf63b000 	C:\Program Files\Java\jdk-20\bin\VCRUNTIME140.dll
0x00007ffec3ab0000 - 0x00007ffec3ac9000 	C:\Program Files\Java\jdk-20\bin\jli.dll
0x00007ffec98f0000 - 0x00007ffec99a2000 	C:\WINDOWS\System32\ADVAPI32.dll
0x00007ffec9270000 - 0x00007ffec9317000 	C:\WINDOWS\System32\msvcrt.dll
0x00007ffeca750000 - 0x00007ffeca7fa000 	C:\WINDOWS\System32\sechost.dll
0x00007ffec8e80000 - 0x00007ffec8ea8000 	C:\WINDOWS\System32\bcrypt.dll
0x00007ffeca850000 - 0x00007ffeca965000 	C:\WINDOWS\System32\RPCRT4.dll
0x00007ffeca3b0000 - 0x00007ffeca55e000 	C:\WINDOWS\System32\USER32.dll
0x00007ffeb0810000 - 0x00007ffeb0aa3000 	C:\WINDOWS\WinSxS\amd64_microsoft.windows.common-controls_6595b64144ccf1df_6.0.22621.3672_none_2713b9d173822955\COMCTL32.dll
0x00007ffec8980000 - 0x00007ffec89a6000 	C:\WINDOWS\System32\win32u.dll
0x00007ffeca970000 - 0x00007ffeca999000 	C:\WINDOWS\System32\GDI32.dll
0x00007ffec8860000 - 0x00007ffec8979000 	C:\WINDOWS\System32\gdi32full.dll
0x00007ffec91d0000 - 0x00007ffec926a000 	C:\WINDOWS\System32\msvcp_win.dll
0x00007ffec18a0000 - 0x00007ffec18aa000 	C:\WINDOWS\SYSTEM32\VERSION.dll
0x00007ffec9f10000 - 0x00007ffec9f41000 	C:\WINDOWS\System32\IMM32.DLL
0x00007ffec1030000 - 0x00007ffec103c000 	C:\Program Files\Java\jdk-20\bin\vcruntime140_1.dll
0x00007ffe83a60000 - 0x00007ffe83aee000 	C:\Program Files\Java\jdk-20\bin\msvcp140.dll
0x00007ffe683d0000 - 0x00007ffe69068000 	C:\Program Files\Java\jdk-20\bin\server\jvm.dll
0x00007ffebd280000 - 0x00007ffebd289000 	C:\WINDOWS\SYSTEM32\WSOCK32.dll
0x00007ffec1620000 - 0x00007ffec1654000 	C:\WINDOWS\SYSTEM32\WINMM.dll
0x00007ffec9e90000 - 0x00007ffec9f01000 	C:\WINDOWS\System32\WS2_32.dll
0x00007ffec7980000 - 0x00007ffec7998000 	C:\WINDOWS\SYSTEM32\kernel.appcore.dll
0x00007ffebfdb0000 - 0x00007ffebfdba000 	C:\Program Files\Java\jdk-20\bin\jimage.dll
0x00007ffec6350000 - 0x00007ffec6582000 	C:\WINDOWS\SYSTEM32\DBGHELP.DLL
0x00007ffec94e0000 - 0x00007ffec9868000 	C:\WINDOWS\System32\combase.dll
0x00007ffeca670000 - 0x00007ffeca747000 	C:\WINDOWS\System32\OLEAUT32.dll
0x00007ffeb2440000 - 0x00007ffeb2472000 	C:\WINDOWS\SYSTEM32\dbgcore.DLL
0x00007ffec8fe0000 - 0x00007ffec905b000 	C:\WINDOWS\System32\bcryptPrimitives.dll
0x00007ffeae780000 - 0x00007ffeae7a6000 	C:\Program Files\Java\jdk-20\bin\java.dll

dbghelp: loaded successfully - version: 4.0.5 - missing functions: none
symbol engine: initialized successfully - sym options: 0x614 - pdb path: .;C:\Program Files\Java\jdk-20\bin;C:\WINDOWS\SYSTEM32;C:\WINDOWS\WinSxS\amd64_microsoft.windows.common-controls_6595b64144ccf1df_6.0.22621.3672_none_2713b9d173822955;C:\Program Files\Java\jdk-20\bin\server

VM Arguments:
jvm_args: -Dfile.encoding=UTF-8 --module-path=C:\Users\LENOVO\Documents\NetBeansProjects\Inventario\build\classes 
java_command: vista.MenuPrincipal
java_class_path (initial): C:\Users\LENOVO\Documents\NetBeansProjects\Inventario\lib\flatlaf-3.1.1.jar;C:\Users\LENOVO\Documents\NetBeansProjects\Inventario\lib\flatlaf-intellij-themes-3.1.1.jar;C:\Users\LENOVO\Documents\NetBeansProjects\Inventario\lib\mysql-connector-java-5.1.23-bin.jar;C:\Users\LENOVO\Documents\NetBeansProjects\Inventario\lib\RojeruSan.full_9.6.jar;C:\Users\LENOVO\Downloads\TimingFramework-0.55.jar;C:\Users\LENOVO\Documents\librerias\jcalendar-1.4.jar;C:\Users\LENOVO\Documents\NetBeansProjects\Inventario\build\classes
Launcher Type: SUN_STANDARD

[Global flags]
     intx CICompilerCount                          = 4                                         {product} {ergonomic}
     uint ConcGCThreads                            = 2                                         {product} {ergonomic}
     uint G1ConcRefinementThreads                  = 8                                         {product} {ergonomic}
   size_t G1HeapRegionSize                         = 2097152                                   {product} {ergonomic}
    uintx GCDrainStackTargetSize                   = 64                                        {product} {ergonomic}
   size_t InitialHeapSize                          = 199229440                                 {product} {ergonomic}
   size_t MarkStackSize                            = 4194304                                   {product} {ergonomic}
   size_t MaxHeapSize                              = 3177185280                                {product} {ergonomic}
   size_t MinHeapDeltaBytes                        = 2097152                                   {product} {ergonomic}
   size_t MinHeapSize                              = 8388608                                   {product} {ergonomic}
    uintx NonNMethodCodeHeapSize                   = 5839372                                {pd product} {ergonomic}
    uintx NonProfiledCodeHeapSize                  = 122909434                              {pd product} {ergonomic}
    uintx ProfiledCodeHeapSize                     = 122909434                              {pd product} {ergonomic}
    uintx ReservedCodeCacheSize                    = 251658240                              {pd product} {ergonomic}
     bool SegmentedCodeCache                       = true                                      {product} {ergonomic}
   size_t SoftMaxHeapSize                          = 3177185280                             {manageable} {ergonomic}
     bool UseCompressedClassPointers               = true                           {product lp64_product} {ergonomic}
     bool UseCompressedOops                        = true                           {product lp64_product} {ergonomic}
     bool UseG1GC                                  = true                                      {product} {ergonomic}
     bool UseLargePagesIndividualAllocation        = false                                  {pd product} {ergonomic}

Logging:
Log output configuration:
 #0: stdout all=warning uptime,level,tags foldmultilines=false
 #1: stderr all=off uptime,level,tags foldmultilines=false

Environment Variables:
CLASSPATH=C:\LINGO64_20\Lingo20.jar
PATH=C:\Program Files (x86)\VMware\VMware Player\bin\;C:\Program Files\Common Files\Oracle\Java\javapath;C:\WINDOWS\system32;C:\WINDOWS;C:\WINDOWS\System32\Wbem;C:\WINDOWS\System32\WindowsPowerShell\v1.0\;C:\WINDOWS\System32\OpenSSH\;C:\LINGO64_20\;C:\Program Files (x86)\Microsoft SQL Server\160\Tools\Binn\;C:\Program Files\Microsoft SQL Server\160\Tools\Binn\;C:\Program Files\Microsoft SQL Server\Client SDK\ODBC\170\Tools\Binn\;C:\Program Files\Microsoft SQL Server\160\DTS\Binn\;C:\Program Files (x86)\Microsoft SQL Server\160\DTS\Binn\;C:\Users\LENOVO\AppData\Local\Programs\Python\Python312\Scripts\;C:\Users\LENOVO\AppData\Local\Programs\Python\Python312\;C:\Users\LENOVO\AppData\Local\Programs\Python\Launcher\;C:\Users\LENOVO\AppData\Local\Microsoft\WindowsApps;;C:\Users\LENOVO\AppData\Local\Programs\Microsoft VS Code\bin
USERNAME=LENOVO
OS=Windows_NT
PROCESSOR_IDENTIFIER=Intel64 Family 6 Model 142 Stepping 10, GenuineIntel
TMP=C:\Users\LENOVO\AppData\Local\Temp
TEMP=C:\Users\LENOVO\AppData\Local\Temp




---------------  S Y S T E M  ---------------

OS:
 Windows 11 , 64 bit Build 22621 (10.0.22621.3672)
OS uptime: 4 days 4:01 hours

CPU: total 8 (initial active 8) (4 cores per cpu, 2 threads per core) family 6 model 142 stepping 10 microcode 0xe0, cx8, cmov, fxsr, ht, mmx, 3dnowpref, sse, sse2, sse3, ssse3, sse4.1, sse4.2, popcnt, lzcnt, tsc, tscinvbit, avx, avx2, aes, erms, clmul, bmi1, bmi2, adx, fma, vzeroupper, clflush, clflushopt, rdtscp, f16c

Memory: 4k page, system-wide physical 12119M (413M free)
TotalPageFile size 48983M (AvailPageFile size 155M)
current process WorkingSet (physical memory assigned to process): 11M, peak: 11M
current process commit charge ("private bytes"): 60M, peak: 250M

vm_info: Java HotSpot(TM) 64-Bit Server VM (20.0.2+9-78) for windows-amd64 JRE (20.0.2+9-78), built on 2023-06-14T10:08:48Z by "mach5one" with MS VC++ 17.1 (VS2022)

END.
