#
# There is insufficient memory for the Java Runtime Environment to continue.
# Native memory allocation (malloc) failed to allocate 524304 bytes for Chunk::new
# Possible reasons:
#   The system is out of physical RAM or swap space
#   The process is running with CompressedOops enabled, and the Java Heap may be blocking the growth of the native heap
# Possible solutions:
#   Reduce memory load on the system
#   Increase physical memory or swap space
#   Check if swap backing store is full
#   Decrease Java heap size (-Xmx/-Xms)
#   Decrease number of Java threads
#   Decrease Java thread stack sizes (-Xss)
#   Set larger code cache with -XX:ReservedCodeCacheSize=
#   JVM is running with Zero Based Compressed Oops mode in which the Java heap is
#     placed in the first 32GB address space. The Java Heap base address is the
#     maximum limit for the native heap growth. Please use -XX:HeapBaseMinAddress
#     to set the Java Heap base and to place the Java Heap above 32GB virtual address.
# This output file may be truncated or incomplete.
#
#  Out of Memory Error (arena.cpp:184), pid=30348, tid=32832
#
# JRE version: Java(TM) SE Runtime Environment (20.0.2+9) (build 20.0.2+9-78)
# Java VM: Java HotSpot(TM) 64-Bit Server VM (20.0.2+9-78, mixed mode, sharing, tiered, compressed oops, compressed class ptrs, g1 gc, windows-amd64)
# No core dump will be written. Minidumps are not enabled by default on client versions of Windows
#

---------------  S U M M A R Y ------------

Command Line: -Dfile.encoding=UTF-8 --module-path=C:\Users\LENOVO\Documents\NetBeansProjects\Inventario\build\classes vista.MenuPrincipal

Host: Intel(R) Core(TM) i5-8250U CPU @ 1.60GHz, 8 cores, 11G,  Windows 11 , 64 bit Build 22621 (10.0.22621.3672)
Time: Wed Jul  3 16:58:44 2024 Hora est. Pacífico, Sudamérica elapsed time: 8.434901 seconds (0d 0h 0m 8s)

---------------  T H R E A D  ---------------

Current thread (0x000001c741bebf30):  JavaThread "C2 CompilerThread0" daemon [_thread_in_native, id=32832, stack(0x0000002c42c00000,0x0000002c42d00000)]


Current CompileTask:
C2:   8434 4442   !   4       javax.swing.JComponent::paintChildren (684 bytes)

Stack: [0x0000002c42c00000,0x0000002c42d00000]
Native frames: (J=compiled Java code, j=interpreted, Vv=VM code, C=native code)
V  [jvm.dll+0x6bc25a]
V  [jvm.dll+0x84971a]
V  [jvm.dll+0x84b315]
V  [jvm.dll+0x84ba13]
V  [jvm.dll+0x280e4f]
V  [jvm.dll+0xc2ab1]
V  [jvm.dll+0xc2dd5]
V  [jvm.dll+0xc2bd4]
V  [jvm.dll+0x69b28a]
V  [jvm.dll+0x64dc3a]
V  [jvm.dll+0x64bb40]
V  [jvm.dll+0x24b3ae]
V  [jvm.dll+0x24a921]
V  [jvm.dll+0x1ce761]
V  [jvm.dll+0x25a0eb]
V  [jvm.dll+0x2587c0]
V  [jvm.dll+0x3f2dd5]
V  [jvm.dll+0x7f5c76]
V  [jvm.dll+0x6baecb]
C  [ucrtbase.dll+0x29333]
C  [KERNEL32.DLL+0x1257d]
C  [ntdll.dll+0x5af28]


---------------  P R O C E S S  ---------------

Threads class SMR info:
_java_thread_list=0x000001c78a010ef0, length=17, elements={
0x000001c741bd94f0, 0x000001c741bda030, 0x000001c741bde0b0, 0x000001c741bdefa0,
0x000001c741be22c0, 0x000001c741be74f0, 0x000001c741bebf30, 0x000001c741beeda0,
0x000001c7870a3230, 0x000001c7871576d0, 0x000001c78735d130, 0x000001c787203e30,
0x000001c787346460, 0x000001c7873fe770, 0x000001c723c9e340, 0x000001c7888c7a90,
0x000001c78a259ca0
}

Java Threads: ( => current thread )
  0x000001c741bd94f0 JavaThread "Reference Handler" daemon [_thread_blocked, id=12004, stack(0x0000002c42600000,0x0000002c42700000)]
  0x000001c741bda030 JavaThread "Finalizer" daemon [_thread_blocked, id=29064, stack(0x0000002c42700000,0x0000002c42800000)]
  0x000001c741bde0b0 JavaThread "Signal Dispatcher" daemon [_thread_blocked, id=32580, stack(0x0000002c42800000,0x0000002c42900000)]
  0x000001c741bdefa0 JavaThread "Attach Listener" daemon [_thread_blocked, id=28396, stack(0x0000002c42900000,0x0000002c42a00000)]
  0x000001c741be22c0 JavaThread "Service Thread" daemon [_thread_blocked, id=6280, stack(0x0000002c42a00000,0x0000002c42b00000)]
  0x000001c741be74f0 JavaThread "Monitor Deflation Thread" daemon [_thread_blocked, id=27888, stack(0x0000002c42b00000,0x0000002c42c00000)]
=>0x000001c741bebf30 JavaThread "C2 CompilerThread0" daemon [_thread_in_native, id=32832, stack(0x0000002c42c00000,0x0000002c42d00000)]
  0x000001c741beeda0 JavaThread "C1 CompilerThread0" daemon [_thread_blocked, id=29784, stack(0x0000002c42d00000,0x0000002c42e00000)]
  0x000001c7870a3230 JavaThread "Common-Cleaner" daemon [_thread_blocked, id=32920, stack(0x0000002c42e00000,0x0000002c42f00000)]
  0x000001c7871576d0 JavaThread "Notification Thread" daemon [_thread_blocked, id=33104, stack(0x0000002c42f00000,0x0000002c43000000)]
  0x000001c78735d130 JavaThread "Java2D Disposer" daemon [_thread_blocked, id=32348, stack(0x0000002c43100000,0x0000002c43200000)]
  0x000001c787203e30 JavaThread "AWT-Shutdown" [_thread_blocked, id=33452, stack(0x0000002c43200000,0x0000002c43300000)]
  0x000001c787346460 JavaThread "AWT-Windows" daemon [_thread_in_native, id=32396, stack(0x0000002c43300000,0x0000002c43400000)]
  0x000001c7873fe770 JavaThread "AWT-EventQueue-0" [_thread_in_Java, id=28520, stack(0x0000002c43400000,0x0000002c43500000)]
  0x000001c723c9e340 JavaThread "DestroyJavaVM" [_thread_blocked, id=30972, stack(0x0000002c41f00000,0x0000002c42000000)]
  0x000001c7888c7a90 JavaThread "TimerQueue" daemon [_thread_blocked, id=32612, stack(0x0000002c43500000,0x0000002c43600000)]
  0x000001c78a259ca0 JavaThread "Image Fetcher 0" daemon [_thread_blocked, id=29324, stack(0x0000002c43d00000,0x0000002c43e00000)]

Other Threads:
  0x000001c741bb9100 VMThread "VM Thread" [stack: 0x0000002c42500000,0x0000002c42600000] [id=32500]
  0x000001c787158440 WatcherThread "VM Periodic Task Thread" [stack: 0x0000002c43000000,0x0000002c43100000] [id=32820]
  0x000001c723cfc7e0 WorkerThread "GC Thread#0" [stack: 0x0000002c42000000,0x0000002c42100000] [id=33740]
  0x000001c788af6590 WorkerThread "GC Thread#1" [stack: 0x0000002c43600000,0x0000002c43700000] [id=33772]
  0x000001c788ad3270 WorkerThread "GC Thread#2" [stack: 0x0000002c43700000,0x0000002c43800000] [id=33364]
  0x000001c788ad3540 WorkerThread "GC Thread#3" [stack: 0x0000002c43800000,0x0000002c43900000] [id=31056]
  0x000001c788ad3810 WorkerThread "GC Thread#4" [stack: 0x0000002c43900000,0x0000002c43a00000] [id=33248]
  0x000001c789dff630 WorkerThread "GC Thread#5" [stack: 0x0000002c43a00000,0x0000002c43b00000] [id=28208]
  0x000001c789dfe820 WorkerThread "GC Thread#6" [stack: 0x0000002c43b00000,0x0000002c43c00000] [id=33512]
  0x000001c789dffbd0 WorkerThread "GC Thread#7" [stack: 0x0000002c43c00000,0x0000002c43d00000] [id=32608]
  0x000001c723d094c0 ConcurrentGCThread "G1 Main Marker" [stack: 0x0000002c42100000,0x0000002c42200000] [id=28332]
  0x000001c723d09ef0 WorkerThread "G1 Conc#0" [stack: 0x0000002c42200000,0x0000002c42300000] [id=33548]
  0x000001c723d5eb10 ConcurrentGCThread "G1 Refine#0" [stack: 0x0000002c42300000,0x0000002c42400000] [id=31852]
  0x000001c741a775d0 ConcurrentGCThread "G1 Service" [stack: 0x0000002c42400000,0x0000002c42500000] [id=33140]

Threads with active compile tasks:
C2 CompilerThread0     8516 4442   !   4       javax.swing.JComponent::paintChildren (684 bytes)

VM state: not at safepoint (normal execution)

VM Mutex/Monitor currently owned by a thread: None

Heap address: 0x0000000742a00000, size: 3030 MB, Compressed Oops mode: Zero based, Oop shift amount: 3

CDS archive(s) mapped at: [0x000001c742000000-0x000001c742c60000-0x000001c742c60000), size 12976128, SharedBaseAddress: 0x000001c742000000, ArchiveRelocationMode: 1.
Compressed class space mapped at: 0x000001c743000000-0x000001c783000000, reserved size: 1073741824
Narrow klass base: 0x000001c742000000, Narrow klass shift: 0, Narrow klass range: 0x100000000

GC Precious Log:
 CardTable entry size: 512
 Card Set container configuration: InlinePtr #cards 4 size 8 Array Of Cards #cards 16 size 48 Howl #buckets 8 coarsen threshold 3686 Howl Bitmap #cards 512 size 80 coarsen threshold 460 Card regions per heap region 1 cards per card region 4096
 CPUs: 8 total, 8 available
 Memory: 12119M
 Large Page Support: Disabled
 NUMA Support: Disabled
 Compressed Oops: Enabled (Zero based)
 Heap Region Size: 2M
 Heap Min Capacity: 8M
 Heap Initial Capacity: 190M
 Heap Max Capacity: 3030M
 Pre-touch: Disabled
 Parallel Workers: 8
 Concurrent Workers: 2
 Concurrent Refinement Workers: 8
 Periodic GC: Disabled

Heap:
 garbage-first heap   total 194560K, used 40763K [0x0000000742a00000, 0x0000000800000000)
  region size 2048K, 18 young (36864K), 2 survivors (4096K)
 Metaspace       used 15941K, committed 16192K, reserved 1114112K
  class space    used 1762K, committed 1920K, reserved 1048576K

Heap Regions: E=young(eden), S=young(survivor), O=old, HS=humongous(starts), HC=humongous(continues), CS=collection set, F=free, OA=open archive, CA=closed archive, TAMS=top-at-mark-start, PB=parsable bottom
|   0|0x0000000742a00000, 0x0000000742c00000, 0x0000000742c00000|100%|HS|  |TAMS 0x0000000742a00000| PB 0x0000000742a00000| Complete 
|   1|0x0000000742c00000, 0x0000000742e00000, 0x0000000742e00000|100%|HC|  |TAMS 0x0000000742c00000| PB 0x0000000742c00000| Complete 
|   2|0x0000000742e00000, 0x0000000743000000, 0x0000000743000000|100%| O|  |TAMS 0x0000000742e00000| PB 0x0000000742e00000| Untracked 
|   3|0x0000000743000000, 0x000000074317e000, 0x0000000743200000| 74%| O|  |TAMS 0x0000000743000000| PB 0x0000000743000000| Untracked 
|   4|0x0000000743200000, 0x0000000743200000, 0x0000000743400000|  0%| F|  |TAMS 0x0000000743200000| PB 0x0000000743200000| Untracked 
|   5|0x0000000743400000, 0x0000000743400000, 0x0000000743600000|  0%| F|  |TAMS 0x0000000743400000| PB 0x0000000743400000| Untracked 
|   6|0x0000000743600000, 0x0000000743600000, 0x0000000743800000|  0%| F|  |TAMS 0x0000000743600000| PB 0x0000000743600000| Untracked 
|   7|0x0000000743800000, 0x0000000743800000, 0x0000000743a00000|  0%| F|  |TAMS 0x0000000743800000| PB 0x0000000743800000| Untracked 
|   8|0x0000000743a00000, 0x0000000743a00000, 0x0000000743c00000|  0%| F|  |TAMS 0x0000000743a00000| PB 0x0000000743a00000| Untracked 
|   9|0x0000000743c00000, 0x0000000743c00000, 0x0000000743e00000|  0%| F|  |TAMS 0x0000000743c00000| PB 0x0000000743c00000| Untracked 
|  10|0x0000000743e00000, 0x0000000743e00000, 0x0000000744000000|  0%| F|  |TAMS 0x0000000743e00000| PB 0x0000000743e00000| Untracked 
|  11|0x0000000744000000, 0x0000000744000000, 0x0000000744200000|  0%| F|  |TAMS 0x0000000744000000| PB 0x0000000744000000| Untracked 
|  12|0x0000000744200000, 0x0000000744200000, 0x0000000744400000|  0%| F|  |TAMS 0x0000000744200000| PB 0x0000000744200000| Untracked 
|  13|0x0000000744400000, 0x0000000744400000, 0x0000000744600000|  0%| F|  |TAMS 0x0000000744400000| PB 0x0000000744400000| Untracked 
|  14|0x0000000744600000, 0x0000000744600000, 0x0000000744800000|  0%| F|  |TAMS 0x0000000744600000| PB 0x0000000744600000| Untracked 
|  15|0x0000000744800000, 0x0000000744800000, 0x0000000744a00000|  0%| F|  |TAMS 0x0000000744800000| PB 0x0000000744800000| Untracked 
|  16|0x0000000744a00000, 0x0000000744a00000, 0x0000000744c00000|  0%| F|  |TAMS 0x0000000744a00000| PB 0x0000000744a00000| Untracked 
|  17|0x0000000744c00000, 0x0000000744c00000, 0x0000000744e00000|  0%| F|  |TAMS 0x0000000744c00000| PB 0x0000000744c00000| Untracked 
|  18|0x0000000744e00000, 0x0000000744e00000, 0x0000000745000000|  0%| F|  |TAMS 0x0000000744e00000| PB 0x0000000744e00000| Untracked 
|  19|0x0000000745000000, 0x0000000745000000, 0x0000000745200000|  0%| F|  |TAMS 0x0000000745000000| PB 0x0000000745000000| Untracked 
|  20|0x0000000745200000, 0x0000000745200000, 0x0000000745400000|  0%| F|  |TAMS 0x0000000745200000| PB 0x0000000745200000| Untracked 
|  21|0x0000000745400000, 0x0000000745400000, 0x0000000745600000|  0%| F|  |TAMS 0x0000000745400000| PB 0x0000000745400000| Untracked 
|  22|0x0000000745600000, 0x0000000745600000, 0x0000000745800000|  0%| F|  |TAMS 0x0000000745600000| PB 0x0000000745600000| Untracked 
|  23|0x0000000745800000, 0x0000000745800000, 0x0000000745a00000|  0%| F|  |TAMS 0x0000000745800000| PB 0x0000000745800000| Untracked 
|  24|0x0000000745a00000, 0x0000000745a00000, 0x0000000745c00000|  0%| F|  |TAMS 0x0000000745a00000| PB 0x0000000745a00000| Untracked 
|  25|0x0000000745c00000, 0x0000000745c00000, 0x0000000745e00000|  0%| F|  |TAMS 0x0000000745c00000| PB 0x0000000745c00000| Untracked 
|  26|0x0000000745e00000, 0x0000000745e00000, 0x0000000746000000|  0%| F|  |TAMS 0x0000000745e00000| PB 0x0000000745e00000| Untracked 
|  27|0x0000000746000000, 0x0000000746000000, 0x0000000746200000|  0%| F|  |TAMS 0x0000000746000000| PB 0x0000000746000000| Untracked 
|  28|0x0000000746200000, 0x0000000746200000, 0x0000000746400000|  0%| F|  |TAMS 0x0000000746200000| PB 0x0000000746200000| Untracked 
|  29|0x0000000746400000, 0x0000000746400000, 0x0000000746600000|  0%| F|  |TAMS 0x0000000746400000| PB 0x0000000746400000| Untracked 
|  30|0x0000000746600000, 0x0000000746600000, 0x0000000746800000|  0%| F|  |TAMS 0x0000000746600000| PB 0x0000000746600000| Untracked 
|  31|0x0000000746800000, 0x0000000746800000, 0x0000000746a00000|  0%| F|  |TAMS 0x0000000746800000| PB 0x0000000746800000| Untracked 
|  32|0x0000000746a00000, 0x0000000746a00000, 0x0000000746c00000|  0%| F|  |TAMS 0x0000000746a00000| PB 0x0000000746a00000| Untracked 
|  33|0x0000000746c00000, 0x0000000746c00000, 0x0000000746e00000|  0%| F|  |TAMS 0x0000000746c00000| PB 0x0000000746c00000| Untracked 
|  34|0x0000000746e00000, 0x0000000746e00000, 0x0000000747000000|  0%| F|  |TAMS 0x0000000746e00000| PB 0x0000000746e00000| Untracked 
|  35|0x0000000747000000, 0x0000000747000000, 0x0000000747200000|  0%| F|  |TAMS 0x0000000747000000| PB 0x0000000747000000| Untracked 
|  36|0x0000000747200000, 0x0000000747250c30, 0x0000000747400000| 15%| S|CS|TAMS 0x0000000747200000| PB 0x0000000747200000| Complete 
|  37|0x0000000747400000, 0x0000000747600000, 0x0000000747600000|100%| S|CS|TAMS 0x0000000747400000| PB 0x0000000747400000| Complete 
|  38|0x0000000747600000, 0x0000000747600000, 0x0000000747800000|  0%| F|  |TAMS 0x0000000747600000| PB 0x0000000747600000| Untracked 
|  39|0x0000000747800000, 0x0000000747800000, 0x0000000747a00000|  0%| F|  |TAMS 0x0000000747800000| PB 0x0000000747800000| Untracked 
|  40|0x0000000747a00000, 0x0000000747a00000, 0x0000000747c00000|  0%| F|  |TAMS 0x0000000747a00000| PB 0x0000000747a00000| Untracked 
|  41|0x0000000747c00000, 0x0000000747c00000, 0x0000000747e00000|  0%| F|  |TAMS 0x0000000747c00000| PB 0x0000000747c00000| Untracked 
|  42|0x0000000747e00000, 0x0000000747e00000, 0x0000000748000000|  0%| F|  |TAMS 0x0000000747e00000| PB 0x0000000747e00000| Untracked 
|  43|0x0000000748000000, 0x0000000748000000, 0x0000000748200000|  0%| F|  |TAMS 0x0000000748000000| PB 0x0000000748000000| Untracked 
|  44|0x0000000748200000, 0x0000000748200000, 0x0000000748400000|  0%| F|  |TAMS 0x0000000748200000| PB 0x0000000748200000| Untracked 
|  45|0x0000000748400000, 0x0000000748400000, 0x0000000748600000|  0%| F|  |TAMS 0x0000000748400000| PB 0x0000000748400000| Untracked 
|  46|0x0000000748600000, 0x0000000748600000, 0x0000000748800000|  0%| F|  |TAMS 0x0000000748600000| PB 0x0000000748600000| Untracked 
|  47|0x0000000748800000, 0x0000000748800000, 0x0000000748a00000|  0%| F|  |TAMS 0x0000000748800000| PB 0x0000000748800000| Untracked 
|  48|0x0000000748a00000, 0x0000000748a00000, 0x0000000748c00000|  0%| F|  |TAMS 0x0000000748a00000| PB 0x0000000748a00000| Untracked 
|  49|0x0000000748c00000, 0x0000000748c00000, 0x0000000748e00000|  0%| F|  |TAMS 0x0000000748c00000| PB 0x0000000748c00000| Untracked 
|  50|0x0000000748e00000, 0x0000000748e00000, 0x0000000749000000|  0%| F|  |TAMS 0x0000000748e00000| PB 0x0000000748e00000| Untracked 
|  51|0x0000000749000000, 0x0000000749000000, 0x0000000749200000|  0%| F|  |TAMS 0x0000000749000000| PB 0x0000000749000000| Untracked 
|  52|0x0000000749200000, 0x0000000749200000, 0x0000000749400000|  0%| F|  |TAMS 0x0000000749200000| PB 0x0000000749200000| Untracked 
|  53|0x0000000749400000, 0x0000000749400000, 0x0000000749600000|  0%| F|  |TAMS 0x0000000749400000| PB 0x0000000749400000| Untracked 
|  54|0x0000000749600000, 0x0000000749600000, 0x0000000749800000|  0%| F|  |TAMS 0x0000000749600000| PB 0x0000000749600000| Untracked 
|  55|0x0000000749800000, 0x0000000749800000, 0x0000000749a00000|  0%| F|  |TAMS 0x0000000749800000| PB 0x0000000749800000| Untracked 
|  56|0x0000000749a00000, 0x0000000749a00000, 0x0000000749c00000|  0%| F|  |TAMS 0x0000000749a00000| PB 0x0000000749a00000| Untracked 
|  57|0x0000000749c00000, 0x0000000749c00000, 0x0000000749e00000|  0%| F|  |TAMS 0x0000000749c00000| PB 0x0000000749c00000| Untracked 
|  58|0x0000000749e00000, 0x0000000749e00000, 0x000000074a000000|  0%| F|  |TAMS 0x0000000749e00000| PB 0x0000000749e00000| Untracked 
|  59|0x000000074a000000, 0x000000074a000000, 0x000000074a200000|  0%| F|  |TAMS 0x000000074a000000| PB 0x000000074a000000| Untracked 
|  60|0x000000074a200000, 0x000000074a200000, 0x000000074a400000|  0%| F|  |TAMS 0x000000074a200000| PB 0x000000074a200000| Untracked 
|  61|0x000000074a400000, 0x000000074a400000, 0x000000074a600000|  0%| F|  |TAMS 0x000000074a400000| PB 0x000000074a400000| Untracked 
|  62|0x000000074a600000, 0x000000074a600000, 0x000000074a800000|  0%| F|  |TAMS 0x000000074a600000| PB 0x000000074a600000| Untracked 
|  63|0x000000074a800000, 0x000000074a800000, 0x000000074aa00000|  0%| F|  |TAMS 0x000000074a800000| PB 0x000000074a800000| Untracked 
|  64|0x000000074aa00000, 0x000000074aa00000, 0x000000074ac00000|  0%| F|  |TAMS 0x000000074aa00000| PB 0x000000074aa00000| Untracked 
|  65|0x000000074ac00000, 0x000000074ac00000, 0x000000074ae00000|  0%| F|  |TAMS 0x000000074ac00000| PB 0x000000074ac00000| Untracked 
|  66|0x000000074ae00000, 0x000000074ae00000, 0x000000074b000000|  0%| F|  |TAMS 0x000000074ae00000| PB 0x000000074ae00000| Untracked 
|  67|0x000000074b000000, 0x000000074b000000, 0x000000074b200000|  0%| F|  |TAMS 0x000000074b000000| PB 0x000000074b000000| Untracked 
|  68|0x000000074b200000, 0x000000074b200000, 0x000000074b400000|  0%| F|  |TAMS 0x000000074b200000| PB 0x000000074b200000| Untracked 
|  69|0x000000074b400000, 0x000000074b400000, 0x000000074b600000|  0%| F|  |TAMS 0x000000074b400000| PB 0x000000074b400000| Untracked 
|  70|0x000000074b600000, 0x000000074b600000, 0x000000074b800000|  0%| F|  |TAMS 0x000000074b600000| PB 0x000000074b600000| Untracked 
|  71|0x000000074b800000, 0x000000074b800000, 0x000000074ba00000|  0%| F|  |TAMS 0x000000074b800000| PB 0x000000074b800000| Untracked 
|  72|0x000000074ba00000, 0x000000074ba00000, 0x000000074bc00000|  0%| F|  |TAMS 0x000000074ba00000| PB 0x000000074ba00000| Untracked 
|  73|0x000000074bc00000, 0x000000074bc00000, 0x000000074be00000|  0%| F|  |TAMS 0x000000074bc00000| PB 0x000000074bc00000| Untracked 
|  74|0x000000074be00000, 0x000000074be00000, 0x000000074c000000|  0%| F|  |TAMS 0x000000074be00000| PB 0x000000074be00000| Untracked 
|  75|0x000000074c000000, 0x000000074c000000, 0x000000074c200000|  0%| F|  |TAMS 0x000000074c000000| PB 0x000000074c000000| Untracked 
|  76|0x000000074c200000, 0x000000074c200000, 0x000000074c400000|  0%| F|  |TAMS 0x000000074c200000| PB 0x000000074c200000| Untracked 
|  77|0x000000074c400000, 0x000000074c400000, 0x000000074c600000|  0%| F|  |TAMS 0x000000074c400000| PB 0x000000074c400000| Untracked 
|  78|0x000000074c600000, 0x000000074c600000, 0x000000074c800000|  0%| F|  |TAMS 0x000000074c600000| PB 0x000000074c600000| Untracked 
|  79|0x000000074c800000, 0x000000074c919040, 0x000000074ca00000| 54%| E|  |TAMS 0x000000074c800000| PB 0x000000074c800000| Complete 
|  80|0x000000074ca00000, 0x000000074cc00000, 0x000000074cc00000|100%| E|CS|TAMS 0x000000074ca00000| PB 0x000000074ca00000| Complete 
|  81|0x000000074cc00000, 0x000000074ce00000, 0x000000074ce00000|100%| E|CS|TAMS 0x000000074cc00000| PB 0x000000074cc00000| Complete 
|  82|0x000000074ce00000, 0x000000074d000000, 0x000000074d000000|100%| E|CS|TAMS 0x000000074ce00000| PB 0x000000074ce00000| Complete 
|  83|0x000000074d000000, 0x000000074d200000, 0x000000074d200000|100%| E|CS|TAMS 0x000000074d000000| PB 0x000000074d000000| Complete 
|  84|0x000000074d200000, 0x000000074d400000, 0x000000074d400000|100%| E|CS|TAMS 0x000000074d200000| PB 0x000000074d200000| Complete 
|  85|0x000000074d400000, 0x000000074d600000, 0x000000074d600000|100%| E|CS|TAMS 0x000000074d400000| PB 0x000000074d400000| Complete 
|  86|0x000000074d600000, 0x000000074d800000, 0x000000074d800000|100%| E|CS|TAMS 0x000000074d600000| PB 0x000000074d600000| Complete 
|  87|0x000000074d800000, 0x000000074da00000, 0x000000074da00000|100%| E|CS|TAMS 0x000000074d800000| PB 0x000000074d800000| Complete 
|  88|0x000000074da00000, 0x000000074dc00000, 0x000000074dc00000|100%| E|CS|TAMS 0x000000074da00000| PB 0x000000074da00000| Complete 
|  89|0x000000074dc00000, 0x000000074de00000, 0x000000074de00000|100%| E|CS|TAMS 0x000000074dc00000| PB 0x000000074dc00000| Complete 
|  90|0x000000074de00000, 0x000000074e000000, 0x000000074e000000|100%| E|CS|TAMS 0x000000074de00000| PB 0x000000074de00000| Complete 
|  91|0x000000074e000000, 0x000000074e200000, 0x000000074e200000|100%| E|CS|TAMS 0x000000074e000000| PB 0x000000074e000000| Complete 
|  92|0x000000074e200000, 0x000000074e400000, 0x000000074e400000|100%| E|CS|TAMS 0x000000074e200000| PB 0x000000074e200000| Complete 
|  93|0x000000074e400000, 0x000000074e600000, 0x000000074e600000|100%| E|CS|TAMS 0x000000074e400000| PB 0x000000074e400000| Complete 
|  94|0x000000074e600000, 0x000000074e800000, 0x000000074e800000|100%| E|CS|TAMS 0x000000074e600000| PB 0x000000074e600000| Complete 

Card table byte_map: [0x000001c73b690000,0x000001c73bc80000] _byte_map_base: 0x000001c737c7b000

Marking Bits: (CMBitMap*) 0x000001c723cfce10
 Bits: [0x000001c73c270000, 0x000001c73f1c8000)

Polling page: 0x000001c721c50000

Metaspace:

Usage:
  Non-class:     13.85 MB used.
      Class:      1.72 MB used.
       Both:     15.57 MB used.

Virtual space:
  Non-class space:       64.00 MB reserved,      13.94 MB ( 22%) committed,  1 nodes.
      Class space:        1.00 GB reserved,       1.88 MB ( <1%) committed,  1 nodes.
             Both:        1.06 GB reserved,      15.81 MB (  1%) committed. 

Chunk freelists:
   Non-Class:  2.01 MB
       Class:  2.10 MB
        Both:  4.12 MB

MaxMetaspaceSize: unlimited
CompressedClassSpaceSize: 1.00 GB
Initial GC threshold: 21.00 MB
Current GC threshold: 21.00 MB
CDS: on
MetaspaceReclaimPolicy: balanced
 - commit_granule_bytes: 65536.
 - commit_granule_words: 8192.
 - virtual_space_node_default_size: 8388608.
 - enlarge_chunks_in_place: 1.
 - new_chunks_are_fully_committed: 0.
 - uncommit_free_chunks: 1.
 - use_allocation_guard: 0.


Internal statistics:

num_allocs_failed_limit: 0.
num_arena_births: 180.
num_arena_deaths: 0.
num_vsnodes_births: 2.
num_vsnodes_deaths: 0.
num_space_committed: 251.
num_space_uncommitted: 0.
num_chunks_returned_to_freelist: 0.
num_chunks_taken_from_freelist: 294.
num_chunk_merges: 0.
num_chunk_splits: 163.
num_chunks_enlarged: 72.
num_inconsistent_stats: 0.

CodeHeap 'non-profiled nmethods': size=120000Kb used=1934Kb max_used=1934Kb free=118066Kb
 bounds [0x000001c733840000, 0x000001c733ab0000, 0x000001c73ad70000]
CodeHeap 'profiled nmethods': size=120000Kb used=8586Kb max_used=8586Kb free=111413Kb
 bounds [0x000001c72bd70000, 0x000001c72c5e0000, 0x000001c7332a0000]
CodeHeap 'non-nmethods': size=5760Kb used=1725Kb max_used=1812Kb free=4034Kb
 bounds [0x000001c7332a0000, 0x000001c733510000, 0x000001c733840000]
 total_blobs=5142 nmethods=4428 adapters=623
 compilation: enabled
              stopped_count=0, restarted_count=0
 full_count=0

Compilation events (20 events):
Event: 8.345 Thread 0x000001c741beeda0 4457       3       java.awt.EventQueue::postEvent (172 bytes)
Event: 8.346 Thread 0x000001c741beeda0 nmethod 4457 0x000001c72c5c7190 code [0x000001c72c5c74a0, 0x000001c72c5c88c8]
Event: 8.346 Thread 0x000001c741beeda0 4458       3       java.awt.EventQueue::coalesceEvent (86 bytes)
Event: 8.347 Thread 0x000001c741beeda0 nmethod 4458 0x000001c72c5c8f10 code [0x000001c72c5c9160, 0x000001c72c5c9e98]
Event: 8.348 Thread 0x000001c741beeda0 4459       2       java.awt.event.MouseEvent::<init> (211 bytes)
Event: 8.349 Thread 0x000001c741beeda0 nmethod 4459 0x000001c72c5ca090 code [0x000001c72c5ca2e0, 0x000001c72c5ca9d8]
Event: 8.352 Thread 0x000001c741beeda0 4460       3       javax.swing.SwingUtilities::getValidateRoot (98 bytes)
Event: 8.353 Thread 0x000001c741beeda0 nmethod 4460 0x000001c72c5cae10 code [0x000001c72c5cb040, 0x000001c72c5cbe78]
Event: 8.367 Thread 0x000001c741beeda0 4462 %     3       sun.font.FileFontStrike::getSlot0GlyphImagePtrs @ 6 (130 bytes)
Event: 8.367 Thread 0x000001c741beeda0 nmethod 4462% 0x000001c72c5cc090 code [0x000001c72c5cc2a0, 0x000001c72c5ccb08]
Event: 8.367 Thread 0x000001c741beeda0 4461 %     3       sun.font.CompositeGlyphMapper::charsToGlyphsNS @ 3 (166 bytes)
Event: 8.368 Thread 0x000001c741beeda0 nmethod 4461% 0x000001c72c5cce90 code [0x000001c72c5cd0a0, 0x000001c72c5cda38]
Event: 8.369 Thread 0x000001c741beeda0 4464       3       java.lang.String::valueOf (39 bytes)
Event: 8.369 Thread 0x000001c741beeda0 nmethod 4464 0x000001c72c5cdd90 code [0x000001c72c5cdf80, 0x000001c72c5ce6a0]
Event: 8.389 Thread 0x000001c741beeda0 4465       3       java.awt.Window::getBackground (5 bytes)
Event: 8.389 Thread 0x000001c741beeda0 nmethod 4465 0x000001c72c5ce890 code [0x000001c72c5cea40, 0x000001c72c5ced60]
Event: 8.417 Thread 0x000001c741beeda0 4466   !   2       javax.swing.RepaintManager::getDoubleBufferMaximumSize (112 bytes)
Event: 8.417 Thread 0x000001c741beeda0 nmethod 4466 0x000001c72c5cee90 code [0x000001c72c5cf080, 0x000001c72c5cf5a0]
Event: 8.419 Thread 0x000001c741beeda0 4467       2       sun.font.FontDesignMetrics::charsWidth (188 bytes)
Event: 8.420 Thread 0x000001c741beeda0 nmethod 4467 0x000001c72c5cf910 code [0x000001c72c5cfb80, 0x000001c72c5d02a8]

GC Heap History (10 events):
Event: 2.374 GC heap before
{Heap before GC invocations=0 (full 0):
 garbage-first heap   total 194560K, used 24576K [0x0000000742a00000, 0x0000000800000000)
  region size 2048K, 11 young (22528K), 0 survivors (0K)
 Metaspace       used 11308K, committed 11520K, reserved 1114112K
  class space    used 1248K, committed 1344K, reserved 1048576K
}
Event: 2.381 GC heap after
{Heap after GC invocations=1 (full 0):
 garbage-first heap   total 194560K, used 7810K [0x0000000742a00000, 0x0000000800000000)
  region size 2048K, 2 young (4096K), 2 survivors (4096K)
 Metaspace       used 11308K, committed 11520K, reserved 1114112K
  class space    used 1248K, committed 1344K, reserved 1048576K
}
Event: 3.079 GC heap before
{Heap before GC invocations=1 (full 0):
 garbage-first heap   total 194560K, used 38530K [0x0000000742a00000, 0x0000000800000000)
  region size 2048K, 18 young (36864K), 2 survivors (4096K)
 Metaspace       used 11766K, committed 12032K, reserved 1114112K
  class space    used 1256K, committed 1344K, reserved 1048576K
}
Event: 3.084 GC heap after
{Heap after GC invocations=2 (full 0):
 garbage-first heap   total 194560K, used 8367K [0x0000000742a00000, 0x0000000800000000)
  region size 2048K, 1 young (2048K), 1 survivors (2048K)
 Metaspace       used 11766K, committed 12032K, reserved 1114112K
  class space    used 1256K, committed 1344K, reserved 1048576K
}
Event: 5.467 GC heap before
{Heap before GC invocations=2 (full 0):
 garbage-first heap   total 194560K, used 121007K [0x0000000742a00000, 0x0000000800000000)
  region size 2048K, 57 young (116736K), 1 survivors (2048K)
 Metaspace       used 15757K, committed 16000K, reserved 1114112K
  class space    used 1751K, committed 1856K, reserved 1048576K
}
Event: 5.470 GC heap after
{Heap after GC invocations=3 (full 0):
 garbage-first heap   total 194560K, used 9862K [0x0000000742a00000, 0x0000000800000000)
  region size 2048K, 2 young (4096K), 2 survivors (4096K)
 Metaspace       used 15757K, committed 16000K, reserved 1114112K
  class space    used 1751K, committed 1856K, reserved 1048576K
}
Event: 6.915 GC heap before
{Heap before GC invocations=3 (full 0):
 garbage-first heap   total 194560K, used 122502K [0x0000000742a00000, 0x0000000800000000)
  region size 2048K, 57 young (116736K), 2 survivors (4096K)
 Metaspace       used 15837K, committed 16064K, reserved 1114112K
  class space    used 1751K, committed 1856K, reserved 1048576K
}
Event: 6.917 GC heap after
{Heap after GC invocations=4 (full 0):
 garbage-first heap   total 194560K, used 9831K [0x0000000742a00000, 0x0000000800000000)
  region size 2048K, 2 young (4096K), 2 survivors (4096K)
 Metaspace       used 15837K, committed 16064K, reserved 1114112K
  class space    used 1751K, committed 1856K, reserved 1048576K
}
Event: 8.222 GC heap before
{Heap before GC invocations=4 (full 0):
 garbage-first heap   total 194560K, used 122471K [0x0000000742a00000, 0x0000000800000000)
  region size 2048K, 57 young (116736K), 2 survivors (4096K)
 Metaspace       used 15926K, committed 16192K, reserved 1114112K
  class space    used 1762K, committed 1920K, reserved 1048576K
}
Event: 8.225 GC heap after
{Heap after GC invocations=5 (full 0):
 garbage-first heap   total 194560K, used 10043K [0x0000000742a00000, 0x0000000800000000)
  region size 2048K, 2 young (4096K), 2 survivors (4096K)
 Metaspace       used 15926K, committed 16192K, reserved 1114112K
  class space    used 1762K, committed 1920K, reserved 1048576K
}

Dll operation events (10 events):
Event: 0.020 Loaded shared library C:\Program Files\Java\jdk-20\bin\java.dll
Event: 0.058 Loaded shared library C:\Program Files\Java\jdk-20\bin\jsvml.dll
Event: 0.203 Loaded shared library C:\Program Files\Java\jdk-20\bin\net.dll
Event: 0.206 Loaded shared library C:\Program Files\Java\jdk-20\bin\nio.dll
Event: 0.242 Loaded shared library C:\Program Files\Java\jdk-20\bin\zip.dll
Event: 0.292 Loaded shared library C:\Program Files\Java\jdk-20\bin\jimage.dll
Event: 0.317 Loaded shared library C:\Program Files\Java\jdk-20\bin\awt.dll
Event: 0.603 Loaded shared library C:\Program Files\Java\jdk-20\bin\freetype.dll
Event: 0.604 Loaded shared library C:\Program Files\Java\jdk-20\bin\fontmanager.dll
Event: 3.302 Loaded shared library C:\Program Files\Java\jdk-20\bin\verify.dll

Deoptimization events (20 events):
Event: 7.089 Thread 0x000001c7873fe770 DEOPT PACKING pc=0x000001c72c3cefcd sp=0x0000002c434fda50
Event: 7.089 Thread 0x000001c7873fe770 DEOPT UNPACKING pc=0x000001c73330a4c2 sp=0x0000002c434fce90 mode 0
Event: 7.131 Thread 0x000001c7873fe770 DEOPT PACKING pc=0x000001c72c3cefcd sp=0x0000002c434fdc40
Event: 7.131 Thread 0x000001c7873fe770 DEOPT UNPACKING pc=0x000001c73330a4c2 sp=0x0000002c434fd080 mode 0
Event: 7.173 Thread 0x000001c7873fe770 DEOPT PACKING pc=0x000001c72c3cefcd sp=0x0000002c434fdc40
Event: 7.173 Thread 0x000001c7873fe770 DEOPT UNPACKING pc=0x000001c73330a4c2 sp=0x0000002c434fd080 mode 0
Event: 7.306 Thread 0x000001c7873fe770 DEOPT PACKING pc=0x000001c72c3ed6a8 sp=0x0000002c434fd1f0
Event: 7.306 Thread 0x000001c7873fe770 DEOPT UNPACKING pc=0x000001c73330a4c2 sp=0x0000002c434fc6f0 mode 0
Event: 7.636 Thread 0x000001c7873fe770 DEOPT PACKING pc=0x000001c72c16945a sp=0x0000002c434fd080
Event: 7.636 Thread 0x000001c7873fe770 DEOPT UNPACKING pc=0x000001c73330a4c2 sp=0x0000002c434fc530 mode 0
Event: 7.652 Thread 0x000001c7873fe770 DEOPT PACKING pc=0x000001c72c38a5ca sp=0x0000002c434fc630
Event: 7.652 Thread 0x000001c7873fe770 DEOPT UNPACKING pc=0x000001c73330a4c2 sp=0x0000002c434fbb10 mode 0
Event: 7.712 Thread 0x000001c7873fe770 DEOPT PACKING pc=0x000001c72c16945a sp=0x0000002c434fcc40
Event: 7.712 Thread 0x000001c7873fe770 DEOPT UNPACKING pc=0x000001c73330a4c2 sp=0x0000002c434fc0f0 mode 0
Event: 7.742 Thread 0x000001c7873fe770 DEOPT PACKING pc=0x000001c72c38a5ca sp=0x0000002c434fc630
Event: 7.742 Thread 0x000001c7873fe770 DEOPT UNPACKING pc=0x000001c73330a4c2 sp=0x0000002c434fbb10 mode 0
Event: 8.247 Thread 0x000001c7873fe770 Uncommon trap: trap_request=0xfffffff4 fr.pc=0x000001c7339f7664 relative=0x0000000000004184
Event: 8.247 Thread 0x000001c7873fe770 Uncommon trap: reason=null_check action=make_not_entrant pc=0x000001c7339f7664 method=java.awt.MultipleGradientPaintContext.getCachedRaster(Ljava/awt/image/ColorModel;II)Ljava/awt/image/Raster; @ 19 c2
Event: 8.247 Thread 0x000001c7873fe770 DEOPT PACKING pc=0x000001c7339f7664 sp=0x0000002c434fc2a0
Event: 8.247 Thread 0x000001c7873fe770 DEOPT UNPACKING pc=0x000001c733309d22 sp=0x0000002c434fc138 mode 2

Classes loaded (20 events):
Event: 4.948 Loading class javax/swing/text/JTextComponent$InputMethodRequestsHandler
Event: 4.978 Loading class javax/swing/text/JTextComponent$InputMethodRequestsHandler done
Event: 4.986 Loading class java/awt/geom/Path2D$Float$CopyIterator
Event: 4.987 Loading class java/awt/geom/Path2D$Float$CopyIterator done
Event: 5.048 Loading class javax/swing/Autoscroller
Event: 5.048 Loading class javax/swing/Autoscroller done
Event: 7.341 Loading class sun/awt/DebugSettings
Event: 7.341 Loading class sun/awt/DebugSettings done
Event: 7.342 Loading class javax/swing/JComponent$KeyboardState
Event: 7.343 Loading class javax/swing/JComponent$KeyboardState done
Event: 7.343 Loading class javax/swing/JComponent$IntVector
Event: 7.344 Loading class javax/swing/JComponent$IntVector done
Event: 7.344 Loading class javax/swing/Popup$HeavyWeightWindow
Event: 7.344 Loading class sun/awt/ModalExclude
Event: 7.345 Loading class sun/awt/ModalExclude done
Event: 7.345 Loading class javax/swing/JWindow
Event: 7.345 Loading class javax/swing/JWindow done
Event: 7.346 Loading class javax/swing/Popup$HeavyWeightWindow done
Event: 7.346 Loading class javax/swing/JComponent$ActionStandin
Event: 7.346 Loading class javax/swing/JComponent$ActionStandin done

Classes unloaded (0 events):
No events

Classes redefined (0 events):
No events

Internal exceptions (20 events):
Event: 0.891 Thread 0x000001c7873fe770 Exception <a 'java/lang/ClassNotFoundException'{0x000000074de95738}: com/sun/java/swing/plaf/windows/resources/spi/windowsProvider> (0x000000074de95738) 
thrown [s\open\src\hotspot\share\classfile\systemDictionary.cpp, line 305]
Event: 1.019 Thread 0x000001c7873fe770 Exception <a 'java/lang/NoSuchMethodError'{0x000000074df1b350}: 'java.lang.Object java.lang.invoke.DirectMethodHandle$Holder.invokeStaticInit(java.lang.Object, int, int, int, int)'> (0x000000074df1b350) 
thrown [s\open\src\hotspot\share\interpreter\linkResolver.cpp, line 773]
Event: 1.514 Thread 0x000001c7873fe770 Exception <a 'java/lang/NoSuchMethodError'{0x000000074dfe76a8}: 'java.lang.Object java.lang.invoke.DirectMethodHandle$Holder.invokeStaticInit(java.lang.Object, java.lang.Object, int, int, int, int)'> (0x000000074dfe76a8) 
thrown [s\open\src\hotspot\share\interpreter\linkResolver.cpp, line 773]
Event: 1.636 Thread 0x000001c7873fe770 Exception <a 'java/lang/NoSuchMethodError'{0x000000074dd566d8}: 'java.lang.Object java.lang.invoke.DirectMethodHandle$Holder.newInvokeSpecial(java.lang.Object, java.lang.Object, int)'> (0x000000074dd566d8) 
thrown [s\open\src\hotspot\share\interpreter\linkResolver.cpp, line 773]
Event: 1.637 Thread 0x000001c7873fe770 Exception <a 'java/lang/NoSuchMethodError'{0x000000074dd5b398}: 'int java.lang.invoke.DirectMethodHandle$Holder.invokeSpecial(java.lang.Object, java.lang.Object, java.lang.Object, int)'> (0x000000074dd5b398) 
thrown [s\open\src\hotspot\share\interpreter\linkResolver.cpp, line 773]
Event: 1.638 Thread 0x000001c7873fe770 Exception <a 'java/lang/NoSuchMethodError'{0x000000074dd6d988}: 'java.lang.Object java.lang.invoke.DirectMethodHandle$Holder.invokeStatic(java.lang.Object, java.lang.Object, java.lang.Object, java.lang.Object, int)'> (0x000000074dd6d988) 
thrown [s\open\src\hotspot\share\interpreter\linkResolver.cpp, line 773]
Event: 1.639 Thread 0x000001c7873fe770 Exception <a 'java/lang/NoSuchMethodError'{0x000000074dd79118}: 'int java.lang.invoke.DirectMethodHandle$Holder.invokeSpecial(java.lang.Object, java.lang.Object, java.lang.Object)'> (0x000000074dd79118) 
thrown [s\open\src\hotspot\share\interpreter\linkResolver.cpp, line 773]
Event: 1.766 Thread 0x000001c7873fe770 Exception <a 'java/io/FileNotFoundException'{0x000000074da85ed0}> (0x000000074da85ed0) 
thrown [s\open\src\hotspot\share\prims\jni.cpp, line 519]
Event: 1.771 Thread 0x000001c7873fe770 Exception <a 'java/io/FileNotFoundException'{0x000000074da9cb40}> (0x000000074da9cb40) 
thrown [s\open\src\hotspot\share\prims\jni.cpp, line 519]
Event: 1.799 Thread 0x000001c7873fe770 Exception <a 'java/io/FileNotFoundException'{0x000000074db21d48}> (0x000000074db21d48) 
thrown [s\open\src\hotspot\share\prims\jni.cpp, line 519]
Event: 1.802 Thread 0x000001c7873fe770 Exception <a 'java/io/FileNotFoundException'{0x000000074db387e8}> (0x000000074db387e8) 
thrown [s\open\src\hotspot\share\prims\jni.cpp, line 519]
Event: 1.829 Thread 0x000001c787346460 Exception <a 'java/lang/NoSuchMethodError'{0x000000074e361b88}: 'void java.lang.invoke.DirectMethodHandle$Holder.invokeVirtual(java.lang.Object, java.lang.Object)'> (0x000000074e361b88) 
thrown [s\open\src\hotspot\share\interpreter\linkResolver.cpp, line 773]
Event: 3.580 Thread 0x000001c78a259ca0 Exception <a 'java/lang/NoSuchMethodError'{0x000000074d9e6210}: 'java.lang.Object java.lang.invoke.DirectMethodHandle$Holder.newInvokeSpecial(java.lang.Object, java.lang.Object, java.lang.Object, int, int, int, int, int)'> (0x000000074d9e6210) 
thrown [s\open\src\hotspot\share\interpreter\linkResolver.cpp, line 773]
Event: 3.787 Thread 0x000001c7873fe770 Implicit null exception at 0x000001c73390d94b to 0x000001c73390da24
Event: 7.023 Thread 0x000001c7873fe770 Implicit null exception at 0x000001c7339be442 to 0x000001c7339bea29
Event: 7.023 Thread 0x000001c7873fe770 Implicit null exception at 0x000001c7339be442 to 0x000001c7339bea29
Event: 7.023 Thread 0x000001c7873fe770 Implicit null exception at 0x000001c7339b7bc7 to 0x000001c7339b8175
Event: 7.023 Thread 0x000001c7873fe770 Implicit null exception at 0x000001c7339be442 to 0x000001c7339bea29
Event: 7.023 Thread 0x000001c7873fe770 Implicit null exception at 0x000001c7339b7bc7 to 0x000001c7339b8175
Event: 8.247 Thread 0x000001c7873fe770 Implicit null exception at 0x000001c7339f4c00 to 0x000001c7339f75a4

VM Operations (20 events):
Event: 3.742 Executing VM operation: ICBufferFull
Event: 3.742 Executing VM operation: ICBufferFull done
Event: 3.987 Executing VM operation: ICBufferFull
Event: 3.987 Executing VM operation: ICBufferFull done
Event: 4.624 Executing VM operation: ICBufferFull
Event: 4.624 Executing VM operation: ICBufferFull done
Event: 4.987 Executing VM operation: HandshakeAllThreads
Event: 4.987 Executing VM operation: HandshakeAllThreads done
Event: 5.467 Executing VM operation: G1CollectForAllocation
Event: 5.470 Executing VM operation: G1CollectForAllocation done
Event: 6.479 Executing VM operation: Cleanup
Event: 6.479 Executing VM operation: Cleanup done
Event: 6.915 Executing VM operation: G1CollectForAllocation
Event: 6.917 Executing VM operation: G1CollectForAllocation done
Event: 7.616 Executing VM operation: ICBufferFull
Event: 7.616 Executing VM operation: ICBufferFull done
Event: 7.884 Executing VM operation: ICBufferFull
Event: 7.884 Executing VM operation: ICBufferFull done
Event: 8.222 Executing VM operation: G1CollectForAllocation
Event: 8.225 Executing VM operation: G1CollectForAllocation done

Events (19 events):
Event: 0.058 Thread 0x000001c723c9e340 Thread added: 0x000001c723c9e340
Event: 0.077 Thread 0x000001c741bd94f0 Thread added: 0x000001c741bd94f0
Event: 0.078 Thread 0x000001c741bda030 Thread added: 0x000001c741bda030
Event: 0.078 Thread 0x000001c741bde0b0 Thread added: 0x000001c741bde0b0
Event: 0.078 Thread 0x000001c741bdefa0 Thread added: 0x000001c741bdefa0
Event: 0.078 Thread 0x000001c741be22c0 Thread added: 0x000001c741be22c0
Event: 0.078 Thread 0x000001c741be74f0 Thread added: 0x000001c741be74f0
Event: 0.078 Thread 0x000001c741bebf30 Thread added: 0x000001c741bebf30
Event: 0.079 Thread 0x000001c741beeda0 Thread added: 0x000001c741beeda0
Event: 0.182 Thread 0x000001c7870a3230 Thread added: 0x000001c7870a3230
Event: 0.233 Thread 0x000001c7871576d0 Thread added: 0x000001c7871576d0
Event: 0.412 Thread 0x000001c78735d130 Thread added: 0x000001c78735d130
Event: 0.415 Thread 0x000001c787203e30 Thread added: 0x000001c787203e30
Event: 0.417 Thread 0x000001c787346460 Thread added: 0x000001c787346460
Event: 0.764 Thread 0x000001c7873fe770 Thread added: 0x000001c7873fe770
Event: 0.765 Thread 0x000001c723c9e340 Thread exited: 0x000001c723c9e340
Event: 0.765 Thread 0x000001c723c9e340 Thread added: 0x000001c723c9e340
Event: 1.610 Thread 0x000001c7888c7a90 Thread added: 0x000001c7888c7a90
Event: 3.577 Thread 0x000001c78a259ca0 Thread added: 0x000001c78a259ca0


Dynamic libraries:
0x00007ff73ee30000 - 0x00007ff73ee40000 	C:\Program Files\Java\jdk-20\bin\java.exe
0x00007ffecb530000 - 0x00007ffecb747000 	C:\WINDOWS\SYSTEM32\ntdll.dll
0x00007ffeca110000 - 0x00007ffeca1d4000 	C:\WINDOWS\System32\KERNEL32.DLL
0x00007ffec89b0000 - 0x00007ffec8d5c000 	C:\WINDOWS\System32\KERNELBASE.dll
0x00007ffec8d60000 - 0x00007ffec8e71000 	C:\WINDOWS\System32\ucrtbase.dll
0x00007ffeaf620000 - 0x00007ffeaf63b000 	C:\Program Files\Java\jdk-20\bin\VCRUNTIME140.dll
0x00007ffec3ab0000 - 0x00007ffec3ac9000 	C:\Program Files\Java\jdk-20\bin\jli.dll
0x00007ffec98f0000 - 0x00007ffec99a2000 	C:\WINDOWS\System32\ADVAPI32.dll
0x00007ffec9270000 - 0x00007ffec9317000 	C:\WINDOWS\System32\msvcrt.dll
0x00007ffeca750000 - 0x00007ffeca7fa000 	C:\WINDOWS\System32\sechost.dll
0x00007ffec8e80000 - 0x00007ffec8ea8000 	C:\WINDOWS\System32\bcrypt.dll
0x00007ffeca850000 - 0x00007ffeca965000 	C:\WINDOWS\System32\RPCRT4.dll
0x00007ffeca3b0000 - 0x00007ffeca55e000 	C:\WINDOWS\System32\USER32.dll
0x00007ffec8980000 - 0x00007ffec89a6000 	C:\WINDOWS\System32\win32u.dll
0x00007ffeca970000 - 0x00007ffeca999000 	C:\WINDOWS\System32\GDI32.dll
0x00007ffeb0810000 - 0x00007ffeb0aa3000 	C:\WINDOWS\WinSxS\amd64_microsoft.windows.common-controls_6595b64144ccf1df_6.0.22621.3672_none_2713b9d173822955\COMCTL32.dll
0x00007ffec8860000 - 0x00007ffec8979000 	C:\WINDOWS\System32\gdi32full.dll
0x00007ffec91d0000 - 0x00007ffec926a000 	C:\WINDOWS\System32\msvcp_win.dll
0x00007ffec18a0000 - 0x00007ffec18aa000 	C:\WINDOWS\SYSTEM32\VERSION.dll
0x00007ffec9f10000 - 0x00007ffec9f41000 	C:\WINDOWS\System32\IMM32.DLL
0x00007ffec1030000 - 0x00007ffec103c000 	C:\Program Files\Java\jdk-20\bin\vcruntime140_1.dll
0x00007ffe83a60000 - 0x00007ffe83aee000 	C:\Program Files\Java\jdk-20\bin\msvcp140.dll
0x00007ffe683d0000 - 0x00007ffe69068000 	C:\Program Files\Java\jdk-20\bin\server\jvm.dll
0x00007ffec1620000 - 0x00007ffec1654000 	C:\WINDOWS\SYSTEM32\WINMM.dll
0x00007ffebd280000 - 0x00007ffebd289000 	C:\WINDOWS\SYSTEM32\WSOCK32.dll
0x00007ffec9e90000 - 0x00007ffec9f01000 	C:\WINDOWS\System32\WS2_32.dll
0x00007ffec7980000 - 0x00007ffec7998000 	C:\WINDOWS\SYSTEM32\kernel.appcore.dll
0x00007ffebfdb0000 - 0x00007ffebfdba000 	C:\Program Files\Java\jdk-20\bin\jimage.dll
0x00007ffec6350000 - 0x00007ffec6582000 	C:\WINDOWS\SYSTEM32\DBGHELP.DLL
0x00007ffec94e0000 - 0x00007ffec9868000 	C:\WINDOWS\System32\combase.dll
0x00007ffeca670000 - 0x00007ffeca747000 	C:\WINDOWS\System32\OLEAUT32.dll
0x00007ffeb2440000 - 0x00007ffeb2472000 	C:\WINDOWS\SYSTEM32\dbgcore.DLL
0x00007ffec8fe0000 - 0x00007ffec905b000 	C:\WINDOWS\System32\bcryptPrimitives.dll
0x00007ffeae780000 - 0x00007ffeae7a6000 	C:\Program Files\Java\jdk-20\bin\java.dll
0x00007ffe7d340000 - 0x00007ffe7d417000 	C:\Program Files\Java\jdk-20\bin\jsvml.dll
0x00007ffecabb0000 - 0x00007ffecb40c000 	C:\WINDOWS\System32\SHELL32.dll
0x00007ffec67c0000 - 0x00007ffec70b7000 	C:\WINDOWS\SYSTEM32\windows.storage.dll
0x00007ffec6680000 - 0x00007ffec67bf000 	C:\WINDOWS\SYSTEM32\wintypes.dll
0x00007ffecaaa0000 - 0x00007ffecab94000 	C:\WINDOWS\System32\SHCORE.dll
0x00007ffec9870000 - 0x00007ffec98ce000 	C:\WINDOWS\System32\shlwapi.dll
0x00007ffec8790000 - 0x00007ffec87b1000 	C:\WINDOWS\SYSTEM32\profapi.dll
0x00007ffeaf180000 - 0x00007ffeaf193000 	C:\Program Files\Java\jdk-20\bin\net.dll
0x00007ffec2200000 - 0x00007ffec2336000 	C:\WINDOWS\SYSTEM32\WINHTTP.dll
0x00007ffec7df0000 - 0x00007ffec7e59000 	C:\WINDOWS\system32\mswsock.dll
0x00007ffeae1f0000 - 0x00007ffeae206000 	C:\Program Files\Java\jdk-20\bin\nio.dll
0x00007ffeac470000 - 0x00007ffeac488000 	C:\Program Files\Java\jdk-20\bin\zip.dll
0x00007ffe7b620000 - 0x00007ffe7b7b1000 	C:\Program Files\Java\jdk-20\bin\awt.dll
0x00007ffec3b10000 - 0x00007ffec3ba7000 	C:\WINDOWS\SYSTEM32\apphelp.dll
0x00007ffec59e0000 - 0x00007ffec5a8a000 	C:\WINDOWS\system32\uxtheme.dll
0x00007ffeca1f0000 - 0x00007ffeca343000 	C:\WINDOWS\System32\MSCTF.dll
0x00007ffec9f60000 - 0x00007ffeca105000 	C:\WINDOWS\System32\ole32.dll
0x00007ffec5e20000 - 0x00007ffec5e4b000 	C:\WINDOWS\system32\DWMAPI.DLL
0x00007ffe7d2b0000 - 0x00007ffe7d336000 	C:\Program Files\Java\jdk-20\bin\freetype.dll
0x00007ffe7bd40000 - 0x00007ffe7be13000 	C:\Program Files\Java\jdk-20\bin\fontmanager.dll
0x00007ffea97d0000 - 0x00007ffea98d0000 	C:\WINDOWS\system32\opengl32.dll
0x00007ffeb0fd0000 - 0x00007ffeb0ffd000 	C:\WINDOWS\SYSTEM32\GLU32.dll
0x00007ffec5ae0000 - 0x00007ffec5b19000 	C:\WINDOWS\SYSTEM32\dxcore.dll
0x00007ffec8050000 - 0x00007ffec806b000 	C:\WINDOWS\SYSTEM32\CRYPTSP.dll
0x00007ffec78e0000 - 0x00007ffec7915000 	C:\WINDOWS\system32\rsaenh.dll
0x00007ffec7ef0000 - 0x00007ffec7f18000 	C:\WINDOWS\SYSTEM32\USERENV.dll
0x00007ffec8070000 - 0x00007ffec807c000 	C:\WINDOWS\SYSTEM32\CRYPTBASE.dll
0x00007ffec7390000 - 0x00007ffec73bd000 	C:\WINDOWS\SYSTEM32\IPHLPAPI.DLL
0x00007ffecaba0000 - 0x00007ffecaba9000 	C:\WINDOWS\System32\NSI.dll
0x00007ffec1690000 - 0x00007ffec16a9000 	C:\WINDOWS\SYSTEM32\dhcpcsvc6.DLL
0x00007ffec1600000 - 0x00007ffec161f000 	C:\WINDOWS\SYSTEM32\dhcpcsvc.DLL
0x00007ffec7400000 - 0x00007ffec74f8000 	C:\WINDOWS\SYSTEM32\DNSAPI.dll
0x00007ffebd330000 - 0x00007ffebd47d000 	C:\WINDOWS\SYSTEM32\textinputframework.dll
0x00007ffec3300000 - 0x00007ffec3433000 	C:\WINDOWS\SYSTEM32\CoreMessaging.dll
0x00007ffebee90000 - 0x00007ffebf1fd000 	C:\WINDOWS\SYSTEM32\CoreUIComponents.dll
0x00007ffeb9bd0000 - 0x00007ffeb9be0000 	C:\Program Files\Java\jdk-20\bin\verify.dll
0x00007ffecb430000 - 0x00007ffecb4e0000 	C:\WINDOWS\System32\clbcatq.dll
0x00007ffec57f0000 - 0x00007ffec59a0000 	C:\WINDOWS\SYSTEM32\WindowsCodecs.dll
0x00007ffeadf90000 - 0x00007ffeadfee000 	C:\WINDOWS\system32\dataexchange.dll
0x00007ffebc270000 - 0x00007ffebc4fa000 	C:\WINDOWS\system32\twinapi.appcore.dll

dbghelp: loaded successfully - version: 4.0.5 - missing functions: none
symbol engine: initialized successfully - sym options: 0x614 - pdb path: .;C:\Program Files\Java\jdk-20\bin;C:\WINDOWS\SYSTEM32;C:\WINDOWS\WinSxS\amd64_microsoft.windows.common-controls_6595b64144ccf1df_6.0.22621.3672_none_2713b9d173822955;C:\Program Files\Java\jdk-20\bin\server

VM Arguments:
jvm_args: -Dfile.encoding=UTF-8 --module-path=C:\Users\LENOVO\Documents\NetBeansProjects\Inventario\build\classes 
java_command: vista.MenuPrincipal
java_class_path (initial): C:\Users\LENOVO\Documents\NetBeansProjects\Inventario\lib\flatlaf-3.1.1.jar;C:\Users\LENOVO\Documents\NetBeansProjects\Inventario\lib\flatlaf-intellij-themes-3.1.1.jar;C:\Users\LENOVO\Documents\NetBeansProjects\Inventario\lib\mysql-connector-java-5.1.23-bin.jar;C:\Users\LENOVO\Documents\NetBeansProjects\Inventario\lib\RojeruSan.full_9.6.jar;C:\Users\LENOVO\Downloads\TimingFramework-0.55.jar;C:\Users\LENOVO\Documents\librerias\jcalendar-1.4.jar;C:\Users\LENOVO\Documents\NetBeansProjects\Inventario\build\classes
Launcher Type: SUN_STANDARD

[Global flags]
     intx CICompilerCount                          = 4                                         {product} {ergonomic}
     uint ConcGCThreads                            = 2                                         {product} {ergonomic}
     uint G1ConcRefinementThreads                  = 8                                         {product} {ergonomic}
   size_t G1HeapRegionSize                         = 2097152                                   {product} {ergonomic}
    uintx GCDrainStackTargetSize                   = 64                                        {product} {ergonomic}
   size_t InitialHeapSize                          = 199229440                                 {product} {ergonomic}
   size_t MarkStackSize                            = 4194304                                   {product} {ergonomic}
   size_t MaxHeapSize                              = 3177185280                                {product} {ergonomic}
   size_t MaxNewSize                               = 1906311168                                {product} {ergonomic}
   size_t MinHeapDeltaBytes                        = 2097152                                   {product} {ergonomic}
   size_t MinHeapSize                              = 8388608                                   {product} {ergonomic}
    uintx NonNMethodCodeHeapSize                   = 5839372                                {pd product} {ergonomic}
    uintx NonProfiledCodeHeapSize                  = 122909434                              {pd product} {ergonomic}
    uintx ProfiledCodeHeapSize                     = 122909434                              {pd product} {ergonomic}
    uintx ReservedCodeCacheSize                    = 251658240                              {pd product} {ergonomic}
     bool SegmentedCodeCache                       = true                                      {product} {ergonomic}
   size_t SoftMaxHeapSize                          = 3177185280                             {manageable} {ergonomic}
     bool UseCompressedClassPointers               = true                           {product lp64_product} {ergonomic}
     bool UseCompressedOops                        = true                           {product lp64_product} {ergonomic}
     bool UseG1GC                                  = true                                      {product} {ergonomic}
     bool UseLargePagesIndividualAllocation        = false                                  {pd product} {ergonomic}

Logging:
Log output configuration:
 #0: stdout all=warning uptime,level,tags foldmultilines=false
 #1: stderr all=off uptime,level,tags foldmultilines=false

Environment Variables:
CLASSPATH=C:\LINGO64_20\Lingo20.jar
PATH=C:\Program Files (x86)\VMware\VMware Player\bin\;C:\Program Files\Common Files\Oracle\Java\javapath;C:\WINDOWS\system32;C:\WINDOWS;C:\WINDOWS\System32\Wbem;C:\WINDOWS\System32\WindowsPowerShell\v1.0\;C:\WINDOWS\System32\OpenSSH\;C:\LINGO64_20\;C:\Program Files (x86)\Microsoft SQL Server\160\Tools\Binn\;C:\Program Files\Microsoft SQL Server\160\Tools\Binn\;C:\Program Files\Microsoft SQL Server\Client SDK\ODBC\170\Tools\Binn\;C:\Program Files\Microsoft SQL Server\160\DTS\Binn\;C:\Program Files (x86)\Microsoft SQL Server\160\DTS\Binn\;C:\Users\LENOVO\AppData\Local\Programs\Python\Python312\Scripts\;C:\Users\LENOVO\AppData\Local\Programs\Python\Python312\;C:\Users\LENOVO\AppData\Local\Programs\Python\Launcher\;C:\Users\LENOVO\AppData\Local\Microsoft\WindowsApps;;C:\Users\LENOVO\AppData\Local\Programs\Microsoft VS Code\bin
USERNAME=LENOVO
OS=Windows_NT
PROCESSOR_IDENTIFIER=Intel64 Family 6 Model 142 Stepping 10, GenuineIntel
TMP=C:\Users\LENOVO\AppData\Local\Temp
TEMP=C:\Users\LENOVO\AppData\Local\Temp




---------------  S Y S T E M  ---------------

OS:
 Windows 11 , 64 bit Build 22621 (10.0.22621.3672)
OS uptime: 4 days 3:47 hours

CPU: total 8 (initial active 8) (4 cores per cpu, 2 threads per core) family 6 model 142 stepping 10 microcode 0xe0, cx8, cmov, fxsr, ht, mmx, 3dnowpref, sse, sse2, sse3, ssse3, sse4.1, sse4.2, popcnt, lzcnt, tsc, tscinvbit, avx, avx2, aes, erms, clmul, bmi1, bmi2, adx, fma, vzeroupper, clflush, clflushopt, rdtscp, f16c

Memory: 4k page, system-wide physical 12119M (341M free)
TotalPageFile size 48983M (AvailPageFile size 10M)
current process WorkingSet (physical memory assigned to process): 227M, peak: 229M
current process commit charge ("private bytes"): 328M, peak: 332M

vm_info: Java HotSpot(TM) 64-Bit Server VM (20.0.2+9-78) for windows-amd64 JRE (20.0.2+9-78), built on 2023-06-14T10:08:48Z by "mach5one" with MS VC++ 17.1 (VS2022)

END.
