#
# There is insufficient memory for the Java Runtime Environment to continue.
# Native memory allocation (malloc) failed to allocate 140016 bytes for Chunk::new
# Possible reasons:
#   The system is out of physical RAM or swap space
#   The process is running with CompressedOops enabled, and the Java Heap may be blocking the growth of the native heap
# Possible solutions:
#   Reduce memory load on the system
#   Increase physical memory or swap space
#   Check if swap backing store is full
#   Decrease Java heap size (-Xmx/-Xms)
#   Decrease number of Java threads
#   Decrease Java thread stack sizes (-Xss)
#   Set larger code cache with -XX:ReservedCodeCacheSize=
#   JVM is running with Zero Based Compressed Oops mode in which the Java heap is
#     placed in the first 32GB address space. The Java Heap base address is the
#     maximum limit for the native heap growth. Please use -XX:HeapBaseMinAddress
#     to set the Java Heap base and to place the Java Heap above 32GB virtual address.
# This output file may be truncated or incomplete.
#
#  Out of Memory Error (arena.cpp:184), pid=32924, tid=32372
#
# JRE version: Java(TM) SE Runtime Environment (20.0.2+9) (build 20.0.2+9-78)
# Java VM: Java HotSpot(TM) 64-Bit Server VM (20.0.2+9-78, mixed mode, tiered, compressed oops, compressed class ptrs, g1 gc, windows-amd64)
# No core dump will be written. Minidumps are not enabled by default on client versions of Windows
#

---------------  S U M M A R Y ------------

Command Line: -Dfile.encoding=UTF-8 --module-path=C:\Users\LENOVO\Documents\NetBeansProjects\Inventario\build\classes vista.Login

Host: Intel(R) Core(TM) i5-8250U CPU @ 1.60GHz, 8 cores, 11G,  Windows 11 , 64 bit Build 22621 (10.0.22621.3672)
Time: Wed Jul  3 17:00:41 2024 Hora est. Pacífico, Sudamérica elapsed time: 0.362733 seconds (0d 0h 0m 0s)

---------------  T H R E A D  ---------------

Current thread (0x000002b5bf439fd0):  JavaThread "C2 CompilerThread0" daemon [_thread_in_native, id=32372, stack(0x000000ff1fe00000,0x000000ff1ff00000)]


Current CompileTask:
C2:    362  171       4       java.util.HashMap::putVal (300 bytes)

Stack: [0x000000ff1fe00000,0x000000ff1ff00000]
Native frames: (J=compiled Java code, j=interpreted, Vv=VM code, C=native code)
V  [jvm.dll+0x6bc25a]
V  [jvm.dll+0x84971a]
V  [jvm.dll+0x84b315]
V  [jvm.dll+0x84ba13]
V  [jvm.dll+0x280e4f]
V  [jvm.dll+0xc2ab1]
V  [jvm.dll+0xc2dd5]
V  [jvm.dll+0x2f611f]
V  [jvm.dll+0x5e3b0b]
V  [jvm.dll+0x254684]
V  [jvm.dll+0x24cf0a]
V  [jvm.dll+0x24a819]
V  [jvm.dll+0x1ce761]
V  [jvm.dll+0x25a0eb]
V  [jvm.dll+0x2587c0]
V  [jvm.dll+0x3f2dd5]
V  [jvm.dll+0x7f5c76]
V  [jvm.dll+0x6baecb]
C  [ucrtbase.dll+0x29333]
C  [KERNEL32.DLL+0x1257d]
C  [ntdll.dll+0x5af28]


---------------  P R O C E S S  ---------------

Threads class SMR info:
_java_thread_list=0x000002b5bf6f5790, length=12, elements={
0x000002b59d200850, 0x000002b5bb1bc480, 0x000002b5bb1bdfd0, 0x000002b5bf44d790,
0x000002b5bf433130, 0x000002b5bf435aa0, 0x000002b5bf439230, 0x000002b5bf439fd0,
0x000002b5bf43abb0, 0x000002b5bf620b10, 0x000002b5bf620070, 0x000002b5bf745660
}

Java Threads: ( => current thread )
  0x000002b59d200850 JavaThread "main" [_thread_in_vm, id=32776, stack(0x000000ff1f100000,0x000000ff1f200000)]
  0x000002b5bb1bc480 JavaThread "Reference Handler" daemon [_thread_blocked, id=28808, stack(0x000000ff1f800000,0x000000ff1f900000)]
  0x000002b5bb1bdfd0 JavaThread "Finalizer" daemon [_thread_blocked, id=32936, stack(0x000000ff1f900000,0x000000ff1fa00000)]
  0x000002b5bf44d790 JavaThread "Signal Dispatcher" daemon [_thread_blocked, id=33312, stack(0x000000ff1fa00000,0x000000ff1fb00000)]
  0x000002b5bf433130 JavaThread "Attach Listener" daemon [_thread_blocked, id=31852, stack(0x000000ff1fb00000,0x000000ff1fc00000)]
  0x000002b5bf435aa0 JavaThread "Service Thread" daemon [_thread_blocked, id=32804, stack(0x000000ff1fc00000,0x000000ff1fd00000)]
  0x000002b5bf439230 JavaThread "Monitor Deflation Thread" daemon [_thread_blocked, id=27828, stack(0x000000ff1fd00000,0x000000ff1fe00000)]
=>0x000002b5bf439fd0 JavaThread "C2 CompilerThread0" daemon [_thread_in_native, id=32372, stack(0x000000ff1fe00000,0x000000ff1ff00000)]
  0x000002b5bf43abb0 JavaThread "C1 CompilerThread0" daemon [_thread_blocked, id=27888, stack(0x000000ff1ff00000,0x000000ff20000000)]
  0x000002b5bf620b10 JavaThread "Common-Cleaner" daemon [_thread_blocked, id=33388, stack(0x000000ff20000000,0x000000ff20100000)]
  0x000002b5bf620070 JavaThread "Notification Thread" daemon [_thread_blocked, id=33376, stack(0x000000ff20100000,0x000000ff20200000)]
  0x000002b5bf745660 JavaThread "C2 CompilerThread1" daemon [_thread_blocked, id=32184, stack(0x000000ff20300000,0x000000ff20400000)]

Other Threads:
  0x000002b5bb1a88d0 VMThread "VM Thread" [stack: 0x000000ff1f700000,0x000000ff1f800000] [id=33500]
  0x000002b5bf70fe60 WatcherThread "VM Periodic Task Thread" [stack: 0x000000ff20200000,0x000000ff20300000] [id=33552]
  0x000002b59d25fec0 WorkerThread "GC Thread#0" [stack: 0x000000ff1f200000,0x000000ff1f300000] [id=23832]
  0x000002b59d26ccc0 ConcurrentGCThread "G1 Main Marker" [stack: 0x000000ff1f300000,0x000000ff1f400000] [id=31788]
  0x000002b59d26d6f0 WorkerThread "G1 Conc#0" [stack: 0x000000ff1f400000,0x000000ff1f500000] [id=21724]
  0x000002b5baff24c0 ConcurrentGCThread "G1 Refine#0" [stack: 0x000000ff1f500000,0x000000ff1f600000] [id=33560]
  0x000002b5baff2f60 ConcurrentGCThread "G1 Service" [stack: 0x000000ff1f600000,0x000000ff1f700000] [id=32204]

Threads with active compile tasks:
C2 CompilerThread0      393  171       4       java.util.HashMap::putVal (300 bytes)

VM state: not at safepoint (normal execution)

VM Mutex/Monitor currently owned by a thread: None

Heap address: 0x0000000742a00000, size: 3030 MB, Compressed Oops mode: Zero based, Oop shift amount: 3

CDS archive(s) not mapped
Compressed class space mapped at: 0x0000000800000000-0x0000000840000000, reserved size: 1073741824
Narrow klass base: 0x0000000800000000, Narrow klass shift: 0, Narrow klass range: 0x40000000

GC Precious Log:
 CardTable entry size: 512
 Card Set container configuration: InlinePtr #cards 4 size 8 Array Of Cards #cards 16 size 48 Howl #buckets 8 coarsen threshold 3686 Howl Bitmap #cards 512 size 80 coarsen threshold 460 Card regions per heap region 1 cards per card region 4096
 CPUs: 8 total, 8 available
 Memory: 12119M
 Large Page Support: Disabled
 NUMA Support: Disabled
 Compressed Oops: Enabled (Zero based)
 Heap Region Size: 2M
 Heap Min Capacity: 8M
 Heap Initial Capacity: 190M
 Heap Max Capacity: 3030M
 Pre-touch: Disabled
 Parallel Workers: 8
 Concurrent Workers: 2
 Concurrent Refinement Workers: 8
 Periodic GC: Disabled

Heap:
 garbage-first heap   total 194560K, used 2048K [0x0000000742a00000, 0x0000000800000000)
  region size 2048K, 2 young (4096K), 0 survivors (0K)
 Metaspace       used 6770K, committed 6848K, reserved 1114112K
  class space    used 562K, committed 576K, reserved 1048576K

Heap Regions: E=young(eden), S=young(survivor), O=old, HS=humongous(starts), HC=humongous(continues), CS=collection set, F=free, OA=open archive, CA=closed archive, TAMS=top-at-mark-start, PB=parsable bottom
|   0|0x0000000742a00000, 0x0000000742a00000, 0x0000000742c00000|  0%| F|  |TAMS 0x0000000742a00000| PB 0x0000000742a00000| Untracked 
|   1|0x0000000742c00000, 0x0000000742c00000, 0x0000000742e00000|  0%| F|  |TAMS 0x0000000742c00000| PB 0x0000000742c00000| Untracked 
|   2|0x0000000742e00000, 0x0000000742e00000, 0x0000000743000000|  0%| F|  |TAMS 0x0000000742e00000| PB 0x0000000742e00000| Untracked 
|   3|0x0000000743000000, 0x0000000743000000, 0x0000000743200000|  0%| F|  |TAMS 0x0000000743000000| PB 0x0000000743000000| Untracked 
|   4|0x0000000743200000, 0x0000000743200000, 0x0000000743400000|  0%| F|  |TAMS 0x0000000743200000| PB 0x0000000743200000| Untracked 
|   5|0x0000000743400000, 0x0000000743400000, 0x0000000743600000|  0%| F|  |TAMS 0x0000000743400000| PB 0x0000000743400000| Untracked 
|   6|0x0000000743600000, 0x0000000743600000, 0x0000000743800000|  0%| F|  |TAMS 0x0000000743600000| PB 0x0000000743600000| Untracked 
|   7|0x0000000743800000, 0x0000000743800000, 0x0000000743a00000|  0%| F|  |TAMS 0x0000000743800000| PB 0x0000000743800000| Untracked 
|   8|0x0000000743a00000, 0x0000000743a00000, 0x0000000743c00000|  0%| F|  |TAMS 0x0000000743a00000| PB 0x0000000743a00000| Untracked 
|   9|0x0000000743c00000, 0x0000000743c00000, 0x0000000743e00000|  0%| F|  |TAMS 0x0000000743c00000| PB 0x0000000743c00000| Untracked 
|  10|0x0000000743e00000, 0x0000000743e00000, 0x0000000744000000|  0%| F|  |TAMS 0x0000000743e00000| PB 0x0000000743e00000| Untracked 
|  11|0x0000000744000000, 0x0000000744000000, 0x0000000744200000|  0%| F|  |TAMS 0x0000000744000000| PB 0x0000000744000000| Untracked 
|  12|0x0000000744200000, 0x0000000744200000, 0x0000000744400000|  0%| F|  |TAMS 0x0000000744200000| PB 0x0000000744200000| Untracked 
|  13|0x0000000744400000, 0x0000000744400000, 0x0000000744600000|  0%| F|  |TAMS 0x0000000744400000| PB 0x0000000744400000| Untracked 
|  14|0x0000000744600000, 0x0000000744600000, 0x0000000744800000|  0%| F|  |TAMS 0x0000000744600000| PB 0x0000000744600000| Untracked 
|  15|0x0000000744800000, 0x0000000744800000, 0x0000000744a00000|  0%| F|  |TAMS 0x0000000744800000| PB 0x0000000744800000| Untracked 
|  16|0x0000000744a00000, 0x0000000744a00000, 0x0000000744c00000|  0%| F|  |TAMS 0x0000000744a00000| PB 0x0000000744a00000| Untracked 
|  17|0x0000000744c00000, 0x0000000744c00000, 0x0000000744e00000|  0%| F|  |TAMS 0x0000000744c00000| PB 0x0000000744c00000| Untracked 
|  18|0x0000000744e00000, 0x0000000744e00000, 0x0000000745000000|  0%| F|  |TAMS 0x0000000744e00000| PB 0x0000000744e00000| Untracked 
|  19|0x0000000745000000, 0x0000000745000000, 0x0000000745200000|  0%| F|  |TAMS 0x0000000745000000| PB 0x0000000745000000| Untracked 
|  20|0x0000000745200000, 0x0000000745200000, 0x0000000745400000|  0%| F|  |TAMS 0x0000000745200000| PB 0x0000000745200000| Untracked 
|  21|0x0000000745400000, 0x0000000745400000, 0x0000000745600000|  0%| F|  |TAMS 0x0000000745400000| PB 0x0000000745400000| Untracked 
|  22|0x0000000745600000, 0x0000000745600000, 0x0000000745800000|  0%| F|  |TAMS 0x0000000745600000| PB 0x0000000745600000| Untracked 
|  23|0x0000000745800000, 0x0000000745800000, 0x0000000745a00000|  0%| F|  |TAMS 0x0000000745800000| PB 0x0000000745800000| Untracked 
|  24|0x0000000745a00000, 0x0000000745a00000, 0x0000000745c00000|  0%| F|  |TAMS 0x0000000745a00000| PB 0x0000000745a00000| Untracked 
|  25|0x0000000745c00000, 0x0000000745c00000, 0x0000000745e00000|  0%| F|  |TAMS 0x0000000745c00000| PB 0x0000000745c00000| Untracked 
|  26|0x0000000745e00000, 0x0000000745e00000, 0x0000000746000000|  0%| F|  |TAMS 0x0000000745e00000| PB 0x0000000745e00000| Untracked 
|  27|0x0000000746000000, 0x0000000746000000, 0x0000000746200000|  0%| F|  |TAMS 0x0000000746000000| PB 0x0000000746000000| Untracked 
|  28|0x0000000746200000, 0x0000000746200000, 0x0000000746400000|  0%| F|  |TAMS 0x0000000746200000| PB 0x0000000746200000| Untracked 
|  29|0x0000000746400000, 0x0000000746400000, 0x0000000746600000|  0%| F|  |TAMS 0x0000000746400000| PB 0x0000000746400000| Untracked 
|  30|0x0000000746600000, 0x0000000746600000, 0x0000000746800000|  0%| F|  |TAMS 0x0000000746600000| PB 0x0000000746600000| Untracked 
|  31|0x0000000746800000, 0x0000000746800000, 0x0000000746a00000|  0%| F|  |TAMS 0x0000000746800000| PB 0x0000000746800000| Untracked 
|  32|0x0000000746a00000, 0x0000000746a00000, 0x0000000746c00000|  0%| F|  |TAMS 0x0000000746a00000| PB 0x0000000746a00000| Untracked 
|  33|0x0000000746c00000, 0x0000000746c00000, 0x0000000746e00000|  0%| F|  |TAMS 0x0000000746c00000| PB 0x0000000746c00000| Untracked 
|  34|0x0000000746e00000, 0x0000000746e00000, 0x0000000747000000|  0%| F|  |TAMS 0x0000000746e00000| PB 0x0000000746e00000| Untracked 
|  35|0x0000000747000000, 0x0000000747000000, 0x0000000747200000|  0%| F|  |TAMS 0x0000000747000000| PB 0x0000000747000000| Untracked 
|  36|0x0000000747200000, 0x0000000747200000, 0x0000000747400000|  0%| F|  |TAMS 0x0000000747200000| PB 0x0000000747200000| Untracked 
|  37|0x0000000747400000, 0x0000000747400000, 0x0000000747600000|  0%| F|  |TAMS 0x0000000747400000| PB 0x0000000747400000| Untracked 
|  38|0x0000000747600000, 0x0000000747600000, 0x0000000747800000|  0%| F|  |TAMS 0x0000000747600000| PB 0x0000000747600000| Untracked 
|  39|0x0000000747800000, 0x0000000747800000, 0x0000000747a00000|  0%| F|  |TAMS 0x0000000747800000| PB 0x0000000747800000| Untracked 
|  40|0x0000000747a00000, 0x0000000747a00000, 0x0000000747c00000|  0%| F|  |TAMS 0x0000000747a00000| PB 0x0000000747a00000| Untracked 
|  41|0x0000000747c00000, 0x0000000747c00000, 0x0000000747e00000|  0%| F|  |TAMS 0x0000000747c00000| PB 0x0000000747c00000| Untracked 
|  42|0x0000000747e00000, 0x0000000747e00000, 0x0000000748000000|  0%| F|  |TAMS 0x0000000747e00000| PB 0x0000000747e00000| Untracked 
|  43|0x0000000748000000, 0x0000000748000000, 0x0000000748200000|  0%| F|  |TAMS 0x0000000748000000| PB 0x0000000748000000| Untracked 
|  44|0x0000000748200000, 0x0000000748200000, 0x0000000748400000|  0%| F|  |TAMS 0x0000000748200000| PB 0x0000000748200000| Untracked 
|  45|0x0000000748400000, 0x0000000748400000, 0x0000000748600000|  0%| F|  |TAMS 0x0000000748400000| PB 0x0000000748400000| Untracked 
|  46|0x0000000748600000, 0x0000000748600000, 0x0000000748800000|  0%| F|  |TAMS 0x0000000748600000| PB 0x0000000748600000| Untracked 
|  47|0x0000000748800000, 0x0000000748800000, 0x0000000748a00000|  0%| F|  |TAMS 0x0000000748800000| PB 0x0000000748800000| Untracked 
|  48|0x0000000748a00000, 0x0000000748a00000, 0x0000000748c00000|  0%| F|  |TAMS 0x0000000748a00000| PB 0x0000000748a00000| Untracked 
|  49|0x0000000748c00000, 0x0000000748c00000, 0x0000000748e00000|  0%| F|  |TAMS 0x0000000748c00000| PB 0x0000000748c00000| Untracked 
|  50|0x0000000748e00000, 0x0000000748e00000, 0x0000000749000000|  0%| F|  |TAMS 0x0000000748e00000| PB 0x0000000748e00000| Untracked 
|  51|0x0000000749000000, 0x0000000749000000, 0x0000000749200000|  0%| F|  |TAMS 0x0000000749000000| PB 0x0000000749000000| Untracked 
|  52|0x0000000749200000, 0x0000000749200000, 0x0000000749400000|  0%| F|  |TAMS 0x0000000749200000| PB 0x0000000749200000| Untracked 
|  53|0x0000000749400000, 0x0000000749400000, 0x0000000749600000|  0%| F|  |TAMS 0x0000000749400000| PB 0x0000000749400000| Untracked 
|  54|0x0000000749600000, 0x0000000749600000, 0x0000000749800000|  0%| F|  |TAMS 0x0000000749600000| PB 0x0000000749600000| Untracked 
|  55|0x0000000749800000, 0x0000000749800000, 0x0000000749a00000|  0%| F|  |TAMS 0x0000000749800000| PB 0x0000000749800000| Untracked 
|  56|0x0000000749a00000, 0x0000000749a00000, 0x0000000749c00000|  0%| F|  |TAMS 0x0000000749a00000| PB 0x0000000749a00000| Untracked 
|  57|0x0000000749c00000, 0x0000000749c00000, 0x0000000749e00000|  0%| F|  |TAMS 0x0000000749c00000| PB 0x0000000749c00000| Untracked 
|  58|0x0000000749e00000, 0x0000000749e00000, 0x000000074a000000|  0%| F|  |TAMS 0x0000000749e00000| PB 0x0000000749e00000| Untracked 
|  59|0x000000074a000000, 0x000000074a000000, 0x000000074a200000|  0%| F|  |TAMS 0x000000074a000000| PB 0x000000074a000000| Untracked 
|  60|0x000000074a200000, 0x000000074a200000, 0x000000074a400000|  0%| F|  |TAMS 0x000000074a200000| PB 0x000000074a200000| Untracked 
|  61|0x000000074a400000, 0x000000074a400000, 0x000000074a600000|  0%| F|  |TAMS 0x000000074a400000| PB 0x000000074a400000| Untracked 
|  62|0x000000074a600000, 0x000000074a600000, 0x000000074a800000|  0%| F|  |TAMS 0x000000074a600000| PB 0x000000074a600000| Untracked 
|  63|0x000000074a800000, 0x000000074a800000, 0x000000074aa00000|  0%| F|  |TAMS 0x000000074a800000| PB 0x000000074a800000| Untracked 
|  64|0x000000074aa00000, 0x000000074aa00000, 0x000000074ac00000|  0%| F|  |TAMS 0x000000074aa00000| PB 0x000000074aa00000| Untracked 
|  65|0x000000074ac00000, 0x000000074ac00000, 0x000000074ae00000|  0%| F|  |TAMS 0x000000074ac00000| PB 0x000000074ac00000| Untracked 
|  66|0x000000074ae00000, 0x000000074ae00000, 0x000000074b000000|  0%| F|  |TAMS 0x000000074ae00000| PB 0x000000074ae00000| Untracked 
|  67|0x000000074b000000, 0x000000074b000000, 0x000000074b200000|  0%| F|  |TAMS 0x000000074b000000| PB 0x000000074b000000| Untracked 
|  68|0x000000074b200000, 0x000000074b200000, 0x000000074b400000|  0%| F|  |TAMS 0x000000074b200000| PB 0x000000074b200000| Untracked 
|  69|0x000000074b400000, 0x000000074b400000, 0x000000074b600000|  0%| F|  |TAMS 0x000000074b400000| PB 0x000000074b400000| Untracked 
|  70|0x000000074b600000, 0x000000074b600000, 0x000000074b800000|  0%| F|  |TAMS 0x000000074b600000| PB 0x000000074b600000| Untracked 
|  71|0x000000074b800000, 0x000000074b800000, 0x000000074ba00000|  0%| F|  |TAMS 0x000000074b800000| PB 0x000000074b800000| Untracked 
|  72|0x000000074ba00000, 0x000000074ba00000, 0x000000074bc00000|  0%| F|  |TAMS 0x000000074ba00000| PB 0x000000074ba00000| Untracked 
|  73|0x000000074bc00000, 0x000000074bc00000, 0x000000074be00000|  0%| F|  |TAMS 0x000000074bc00000| PB 0x000000074bc00000| Untracked 
|  74|0x000000074be00000, 0x000000074be00000, 0x000000074c000000|  0%| F|  |TAMS 0x000000074be00000| PB 0x000000074be00000| Untracked 
|  75|0x000000074c000000, 0x000000074c000000, 0x000000074c200000|  0%| F|  |TAMS 0x000000074c000000| PB 0x000000074c000000| Untracked 
|  76|0x000000074c200000, 0x000000074c200000, 0x000000074c400000|  0%| F|  |TAMS 0x000000074c200000| PB 0x000000074c200000| Untracked 
|  77|0x000000074c400000, 0x000000074c400000, 0x000000074c600000|  0%| F|  |TAMS 0x000000074c400000| PB 0x000000074c400000| Untracked 
|  78|0x000000074c600000, 0x000000074c600000, 0x000000074c800000|  0%| F|  |TAMS 0x000000074c600000| PB 0x000000074c600000| Untracked 
|  79|0x000000074c800000, 0x000000074c800000, 0x000000074ca00000|  0%| F|  |TAMS 0x000000074c800000| PB 0x000000074c800000| Untracked 
|  80|0x000000074ca00000, 0x000000074ca00000, 0x000000074cc00000|  0%| F|  |TAMS 0x000000074ca00000| PB 0x000000074ca00000| Untracked 
|  81|0x000000074cc00000, 0x000000074cc00000, 0x000000074ce00000|  0%| F|  |TAMS 0x000000074cc00000| PB 0x000000074cc00000| Untracked 
|  82|0x000000074ce00000, 0x000000074ce00000, 0x000000074d000000|  0%| F|  |TAMS 0x000000074ce00000| PB 0x000000074ce00000| Untracked 
|  83|0x000000074d000000, 0x000000074d000000, 0x000000074d200000|  0%| F|  |TAMS 0x000000074d000000| PB 0x000000074d000000| Untracked 
|  84|0x000000074d200000, 0x000000074d200000, 0x000000074d400000|  0%| F|  |TAMS 0x000000074d200000| PB 0x000000074d200000| Untracked 
|  85|0x000000074d400000, 0x000000074d400000, 0x000000074d600000|  0%| F|  |TAMS 0x000000074d400000| PB 0x000000074d400000| Untracked 
|  86|0x000000074d600000, 0x000000074d600000, 0x000000074d800000|  0%| F|  |TAMS 0x000000074d600000| PB 0x000000074d600000| Untracked 
|  87|0x000000074d800000, 0x000000074d800000, 0x000000074da00000|  0%| F|  |TAMS 0x000000074d800000| PB 0x000000074d800000| Untracked 
|  88|0x000000074da00000, 0x000000074da00000, 0x000000074dc00000|  0%| F|  |TAMS 0x000000074da00000| PB 0x000000074da00000| Untracked 
|  89|0x000000074dc00000, 0x000000074dc00000, 0x000000074de00000|  0%| F|  |TAMS 0x000000074dc00000| PB 0x000000074dc00000| Untracked 
|  90|0x000000074de00000, 0x000000074de00000, 0x000000074e000000|  0%| F|  |TAMS 0x000000074de00000| PB 0x000000074de00000| Untracked 
|  91|0x000000074e000000, 0x000000074e000000, 0x000000074e200000|  0%| F|  |TAMS 0x000000074e000000| PB 0x000000074e000000| Untracked 
|  92|0x000000074e200000, 0x000000074e200000, 0x000000074e400000|  0%| F|  |TAMS 0x000000074e200000| PB 0x000000074e200000| Untracked 
|  93|0x000000074e400000, 0x000000074e552948, 0x000000074e600000| 66%| E|  |TAMS 0x000000074e400000| PB 0x000000074e400000| Complete 
|  94|0x000000074e600000, 0x000000074e800000, 0x000000074e800000|100%| E|CS|TAMS 0x000000074e600000| PB 0x000000074e600000| Complete 

Card table byte_map: [0x000002b5b4bf0000,0x000002b5b51e0000] _byte_map_base: 0x000002b5b11db000

Marking Bits: (CMBitMap*) 0x000002b59d2604f0
 Bits: [0x000002b5b57d0000, 0x000002b5b8728000)

Polling page: 0x000002b59b180000

Metaspace:

Usage:
  Non-class:      6.11 MB used.
      Class:    570.23 KB used.
       Both:      6.67 MB used.

Virtual space:
  Non-class space:       64.00 MB reserved,       6.19 MB ( 10%) committed,  1 nodes.
      Class space:        1.00 GB reserved,     576.00 KB ( <1%) committed,  1 nodes.
             Both:        1.06 GB reserved,       6.75 MB ( <1%) committed. 

Chunk freelists:
   Non-Class:  1016.00 KB
       Class:  3.25 MB
        Both:  4.24 MB

MaxMetaspaceSize: unlimited
CompressedClassSpaceSize: 1.00 GB
Initial GC threshold: 21.00 MB
Current GC threshold: 21.00 MB
CDS: off
MetaspaceReclaimPolicy: balanced
 - commit_granule_bytes: 65536.
 - commit_granule_words: 8192.
 - virtual_space_node_default_size: 8388608.
 - enlarge_chunks_in_place: 1.
 - new_chunks_are_fully_committed: 0.
 - uncommit_free_chunks: 1.
 - use_allocation_guard: 0.


Internal statistics:

num_allocs_failed_limit: 0.
num_arena_births: 8.
num_arena_deaths: 0.
num_vsnodes_births: 2.
num_vsnodes_deaths: 0.
num_space_committed: 108.
num_space_uncommitted: 0.
num_chunks_returned_to_freelist: 0.
num_chunks_taken_from_freelist: 26.
num_chunk_merges: 0.
num_chunk_splits: 8.
num_chunks_enlarged: 3.
num_inconsistent_stats: 0.

CodeHeap 'non-profiled nmethods': size=120000Kb used=63Kb max_used=63Kb free=119936Kb
 bounds [0x000002b5acda0000, 0x000002b5ad010000, 0x000002b5b42d0000]
CodeHeap 'profiled nmethods': size=120000Kb used=249Kb max_used=249Kb free=119750Kb
 bounds [0x000002b5a52d0000, 0x000002b5a5540000, 0x000002b5ac800000]
CodeHeap 'non-nmethods': size=5760Kb used=1331Kb max_used=1346Kb free=4428Kb
 bounds [0x000002b5ac800000, 0x000002b5aca70000, 0x000002b5acda0000]
 total_blobs=611 nmethods=223 adapters=299
 compilation: enabled
              stopped_count=0, restarted_count=0
 full_count=0

Compilation events (20 events):
Event: 0.360 Thread 0x000002b5bf43abb0 nmethod 179 0x000002b5a52fec10 code [0x000002b5a52feda0, 0x000002b5a52fef30]
Event: 0.360 Thread 0x000002b5bf43abb0  180       3       java.lang.Math::max (11 bytes)
Event: 0.360 Thread 0x000002b5bf43abb0 nmethod 180 0x000002b5a52fef90 code [0x000002b5a52ff120, 0x000002b5a52ff260]
Event: 0.360 Thread 0x000002b5bf43abb0  181       3       java.lang.StringBuilder::append (8 bytes)
Event: 0.360 Thread 0x000002b5bf43abb0 nmethod 181 0x000002b5a52ff310 code [0x000002b5a52ff4a0, 0x000002b5a52ff5e8]
Event: 0.360 Thread 0x000002b5bf43abb0  182       3       java.lang.AbstractStringBuilder::append (45 bytes)
Event: 0.361 Thread 0x000002b5bf43abb0 nmethod 182 0x000002b5a52ff690 code [0x000002b5a52ff880, 0x000002b5a52ffdb0]
Event: 0.361 Thread 0x000002b5bf43abb0  183       3       java.util.Optional::ofNullable (19 bytes)
Event: 0.361 Thread 0x000002b5bf43abb0 nmethod 183 0x000002b5a5300010 code [0x000002b5a53001a0, 0x000002b5a5300468]
Event: 0.361 Thread 0x000002b5bf43abb0  185       3       java.util.AbstractMap::<init> (5 bytes)
Event: 0.361 Thread 0x000002b5bf43abb0 nmethod 185 0x000002b5a5300590 code [0x000002b5a5300720, 0x000002b5a5300888]
Event: 0.361 Thread 0x000002b5bf43abb0  188       3       java.util.ImmutableCollections$Set12::iterator (9 bytes)
Event: 0.361 Thread 0x000002b5bf43abb0 nmethod 188 0x000002b5a5300990 code [0x000002b5a5300b40, 0x000002b5a5300e38]
Event: 0.361 Thread 0x000002b5bf43abb0  190       3       java.util.AbstractSet::<init> (5 bytes)
Event: 0.361 Thread 0x000002b5bf43abb0 nmethod 190 0x000002b5a5300f10 code [0x000002b5a53010a0, 0x000002b5a5301268]
Event: 0.361 Thread 0x000002b5bf43abb0  189       3       java.util.ImmutableCollections$Set12$1::<init> (32 bytes)
Event: 0.361 Thread 0x000002b5bf43abb0 nmethod 189 0x000002b5a5301390 code [0x000002b5a5301520, 0x000002b5a5301760]
Event: 0.361 Thread 0x000002b5bf43abb0  187       3       java.util.HashMap::<init> (11 bytes)
Event: 0.361 Thread 0x000002b5bf43abb0 nmethod 187 0x000002b5a5301890 code [0x000002b5a5301a20, 0x000002b5a5301bf0]
Event: 0.361 Thread 0x000002b5bf43abb0  191       3       java.util.HashSet::<init> (16 bytes)

GC Heap History (0 events):
No events

Dll operation events (4 events):
Event: 0.009 Loaded shared library C:\Program Files\Java\jdk-20\bin\java.dll
Event: 0.081 Loaded shared library C:\Program Files\Java\jdk-20\bin\jsvml.dll
Event: 0.345 Loaded shared library C:\Program Files\Java\jdk-20\bin\net.dll
Event: 0.346 Loaded shared library C:\Program Files\Java\jdk-20\bin\nio.dll

Deoptimization events (0 events):
No events

Classes loaded (20 events):
Event: 0.350 Loading class java/util/HashMap$KeySpliterator
Event: 0.350 Loading class java/util/HashMap$KeySpliterator done
Event: 0.350 Loading class java/util/Collections$UnmodifiableCollection$1
Event: 0.350 Loading class java/util/Collections$UnmodifiableCollection$1 done
Event: 0.351 Loading class java/lang/ModuleLayer
Event: 0.351 Loading class java/lang/ModuleLayer done
Event: 0.351 Loading class java/util/LinkedHashSet
Event: 0.351 Loading class java/util/LinkedHashSet done
Event: 0.351 Loading class java/util/LinkedHashMap
Event: 0.352 Loading class java/util/LinkedHashMap done
Event: 0.352 Loading class jdk/internal/module/ModuleReferenceImpl$CachedHash
Event: 0.352 Loading class jdk/internal/module/ModuleReferenceImpl$CachedHash done
Event: 0.353 Loading class java/lang/module/ResolvedModule
Event: 0.353 Loading class java/lang/module/ResolvedModule done
Event: 0.358 Loading class jdk/internal/module/ModuleLoaderMap
Event: 0.359 Loading class jdk/internal/module/ModuleLoaderMap done
Event: 0.359 Loading class jdk/internal/module/ModuleLoaderMap$Mapper
Event: 0.359 Loading class jdk/internal/module/ModuleLoaderMap$Mapper done
Event: 0.359 Loading class jdk/internal/module/ModuleLoaderMap$Modules
Event: 0.359 Loading class jdk/internal/module/ModuleLoaderMap$Modules done

Classes unloaded (0 events):
No events

Classes redefined (0 events):
No events

Internal exceptions (6 events):
Event: 0.348 Thread 0x000002b59d200850 Exception <a 'sun/nio/fs/WindowsException'{0x000000074e7b60c8}> (0x000000074e7b60c8) 
thrown [s\open\src\hotspot\share\prims\jni.cpp, line 519]
Event: 0.350 Thread 0x000002b59d200850 Exception <a 'sun/nio/fs/WindowsException'{0x000000074e7b84e8}> (0x000000074e7b84e8) 
thrown [s\open\src\hotspot\share\prims\jni.cpp, line 519]
Event: 0.350 Thread 0x000002b59d200850 Exception <a 'sun/nio/fs/WindowsException'{0x000000074e7b8fa0}> (0x000000074e7b8fa0) 
thrown [s\open\src\hotspot\share\prims\jni.cpp, line 519]
Event: 0.350 Thread 0x000002b59d200850 Exception <a 'sun/nio/fs/WindowsException'{0x000000074e7b9a38}> (0x000000074e7b9a38) 
thrown [s\open\src\hotspot\share\prims\jni.cpp, line 519]
Event: 0.350 Thread 0x000002b59d200850 Exception <a 'sun/nio/fs/WindowsException'{0x000000074e7ba508}> (0x000000074e7ba508) 
thrown [s\open\src\hotspot\share\prims\jni.cpp, line 519]
Event: 0.350 Thread 0x000002b59d200850 Exception <a 'sun/nio/fs/WindowsException'{0x000000074e7bafa0}> (0x000000074e7bafa0) 
thrown [s\open\src\hotspot\share\prims\jni.cpp, line 519]

VM Operations (2 events):
Event: 0.352 Executing VM operation: HandshakeAllThreads
Event: 0.352 Executing VM operation: HandshakeAllThreads done

Events (10 events):
Event: 0.081 Thread 0x000002b59d200850 Thread added: 0x000002b59d200850
Event: 0.147 Thread 0x000002b5bb1bc480 Thread added: 0x000002b5bb1bc480
Event: 0.147 Thread 0x000002b5bb1bdfd0 Thread added: 0x000002b5bb1bdfd0
Event: 0.151 Thread 0x000002b5bf44d790 Thread added: 0x000002b5bf44d790
Event: 0.151 Thread 0x000002b5bf433130 Thread added: 0x000002b5bf433130
Event: 0.151 Thread 0x000002b5bf435aa0 Thread added: 0x000002b5bf435aa0
Event: 0.151 Thread 0x000002b5bf439230 Thread added: 0x000002b5bf439230
Event: 0.151 Thread 0x000002b5bf439fd0 Thread added: 0x000002b5bf439fd0
Event: 0.152 Thread 0x000002b5bf43abb0 Thread added: 0x000002b5bf43abb0
Event: 0.312 Thread 0x000002b5bf620b10 Thread added: 0x000002b5bf620b10


Dynamic libraries:
0x00007ff73ee30000 - 0x00007ff73ee40000 	C:\Program Files\Java\jdk-20\bin\java.exe
0x00007ffecb530000 - 0x00007ffecb747000 	C:\WINDOWS\SYSTEM32\ntdll.dll
0x00007ffeca110000 - 0x00007ffeca1d4000 	C:\WINDOWS\System32\KERNEL32.DLL
0x00007ffec89b0000 - 0x00007ffec8d5c000 	C:\WINDOWS\System32\KERNELBASE.dll
0x00007ffec8d60000 - 0x00007ffec8e71000 	C:\WINDOWS\System32\ucrtbase.dll
0x00007ffec3ab0000 - 0x00007ffec3ac9000 	C:\Program Files\Java\jdk-20\bin\jli.dll
0x00007ffeaf620000 - 0x00007ffeaf63b000 	C:\Program Files\Java\jdk-20\bin\VCRUNTIME140.dll
0x00007ffec98f0000 - 0x00007ffec99a2000 	C:\WINDOWS\System32\ADVAPI32.dll
0x00007ffec9270000 - 0x00007ffec9317000 	C:\WINDOWS\System32\msvcrt.dll
0x00007ffeca750000 - 0x00007ffeca7fa000 	C:\WINDOWS\System32\sechost.dll
0x00007ffec8e80000 - 0x00007ffec8ea8000 	C:\WINDOWS\System32\bcrypt.dll
0x00007ffeca850000 - 0x00007ffeca965000 	C:\WINDOWS\System32\RPCRT4.dll
0x00007ffeca3b0000 - 0x00007ffeca55e000 	C:\WINDOWS\System32\USER32.dll
0x00007ffeb0810000 - 0x00007ffeb0aa3000 	C:\WINDOWS\WinSxS\amd64_microsoft.windows.common-controls_6595b64144ccf1df_6.0.22621.3672_none_2713b9d173822955\COMCTL32.dll
0x00007ffec8980000 - 0x00007ffec89a6000 	C:\WINDOWS\System32\win32u.dll
0x00007ffeca970000 - 0x00007ffeca999000 	C:\WINDOWS\System32\GDI32.dll
0x00007ffec8860000 - 0x00007ffec8979000 	C:\WINDOWS\System32\gdi32full.dll
0x00007ffec91d0000 - 0x00007ffec926a000 	C:\WINDOWS\System32\msvcp_win.dll
0x00007ffec18a0000 - 0x00007ffec18aa000 	C:\WINDOWS\SYSTEM32\VERSION.dll
0x00007ffec9f10000 - 0x00007ffec9f41000 	C:\WINDOWS\System32\IMM32.DLL
0x00007ffec1030000 - 0x00007ffec103c000 	C:\Program Files\Java\jdk-20\bin\vcruntime140_1.dll
0x00007ffe83a60000 - 0x00007ffe83aee000 	C:\Program Files\Java\jdk-20\bin\msvcp140.dll
0x00007ffe683d0000 - 0x00007ffe69068000 	C:\Program Files\Java\jdk-20\bin\server\jvm.dll
0x00007ffebd280000 - 0x00007ffebd289000 	C:\WINDOWS\SYSTEM32\WSOCK32.dll
0x00007ffec9e90000 - 0x00007ffec9f01000 	C:\WINDOWS\System32\WS2_32.dll
0x00007ffec1620000 - 0x00007ffec1654000 	C:\WINDOWS\SYSTEM32\WINMM.dll
0x00007ffec7980000 - 0x00007ffec7998000 	C:\WINDOWS\SYSTEM32\kernel.appcore.dll
0x00007ffebfdb0000 - 0x00007ffebfdba000 	C:\Program Files\Java\jdk-20\bin\jimage.dll
0x00007ffec6350000 - 0x00007ffec6582000 	C:\WINDOWS\SYSTEM32\DBGHELP.DLL
0x00007ffec94e0000 - 0x00007ffec9868000 	C:\WINDOWS\System32\combase.dll
0x00007ffeca670000 - 0x00007ffeca747000 	C:\WINDOWS\System32\OLEAUT32.dll
0x00007ffeb2440000 - 0x00007ffeb2472000 	C:\WINDOWS\SYSTEM32\dbgcore.DLL
0x00007ffec8fe0000 - 0x00007ffec905b000 	C:\WINDOWS\System32\bcryptPrimitives.dll
0x00007ffeae780000 - 0x00007ffeae7a6000 	C:\Program Files\Java\jdk-20\bin\java.dll
0x00007ffe7d340000 - 0x00007ffe7d417000 	C:\Program Files\Java\jdk-20\bin\jsvml.dll
0x00007ffecabb0000 - 0x00007ffecb40c000 	C:\WINDOWS\System32\SHELL32.dll
0x00007ffec67c0000 - 0x00007ffec70b7000 	C:\WINDOWS\SYSTEM32\windows.storage.dll
0x00007ffec6680000 - 0x00007ffec67bf000 	C:\WINDOWS\SYSTEM32\wintypes.dll
0x00007ffecaaa0000 - 0x00007ffecab94000 	C:\WINDOWS\System32\SHCORE.dll
0x00007ffec9870000 - 0x00007ffec98ce000 	C:\WINDOWS\System32\shlwapi.dll
0x00007ffec8790000 - 0x00007ffec87b1000 	C:\WINDOWS\SYSTEM32\profapi.dll
0x00007ffeaf180000 - 0x00007ffeaf193000 	C:\Program Files\Java\jdk-20\bin\net.dll
0x00007ffec2200000 - 0x00007ffec2336000 	C:\WINDOWS\SYSTEM32\WINHTTP.dll
0x00007ffec7df0000 - 0x00007ffec7e59000 	C:\WINDOWS\system32\mswsock.dll
0x00007ffeae1f0000 - 0x00007ffeae206000 	C:\Program Files\Java\jdk-20\bin\nio.dll
0x00007ffeac470000 - 0x00007ffeac488000 	C:\Program Files\Java\jdk-20\bin\zip.dll

dbghelp: loaded successfully - version: 4.0.5 - missing functions: none
symbol engine: initialized successfully - sym options: 0x614 - pdb path: .;C:\Program Files\Java\jdk-20\bin;C:\WINDOWS\SYSTEM32;C:\WINDOWS\WinSxS\amd64_microsoft.windows.common-controls_6595b64144ccf1df_6.0.22621.3672_none_2713b9d173822955;C:\Program Files\Java\jdk-20\bin\server

VM Arguments:
jvm_args: -Dfile.encoding=UTF-8 --module-path=C:\Users\LENOVO\Documents\NetBeansProjects\Inventario\build\classes 
java_command: vista.Login
java_class_path (initial): C:\Users\LENOVO\Documents\NetBeansProjects\Inventario\lib\flatlaf-3.1.1.jar;C:\Users\LENOVO\Documents\NetBeansProjects\Inventario\lib\flatlaf-intellij-themes-3.1.1.jar;C:\Users\LENOVO\Documents\NetBeansProjects\Inventario\lib\mysql-connector-java-5.1.23-bin.jar;C:\Users\LENOVO\Documents\NetBeansProjects\Inventario\lib\RojeruSan.full_9.6.jar;C:\Users\LENOVO\Downloads\TimingFramework-0.55.jar;C:\Users\LENOVO\Documents\librerias\jcalendar-1.4.jar;C:\Users\LENOVO\Documents\NetBeansProjects\Inventario\build\classes
Launcher Type: SUN_STANDARD

[Global flags]
     intx CICompilerCount                          = 4                                         {product} {ergonomic}
     uint ConcGCThreads                            = 2                                         {product} {ergonomic}
     uint G1ConcRefinementThreads                  = 8                                         {product} {ergonomic}
   size_t G1HeapRegionSize                         = 2097152                                   {product} {ergonomic}
    uintx GCDrainStackTargetSize                   = 64                                        {product} {ergonomic}
   size_t InitialHeapSize                          = 199229440                                 {product} {ergonomic}
   size_t MarkStackSize                            = 4194304                                   {product} {ergonomic}
   size_t MaxHeapSize                              = 3177185280                                {product} {ergonomic}
   size_t MaxNewSize                               = 1906311168                                {product} {ergonomic}
   size_t MinHeapDeltaBytes                        = 2097152                                   {product} {ergonomic}
   size_t MinHeapSize                              = 8388608                                   {product} {ergonomic}
    uintx NonNMethodCodeHeapSize                   = 5839372                                {pd product} {ergonomic}
    uintx NonProfiledCodeHeapSize                  = 122909434                              {pd product} {ergonomic}
    uintx ProfiledCodeHeapSize                     = 122909434                              {pd product} {ergonomic}
    uintx ReservedCodeCacheSize                    = 251658240                              {pd product} {ergonomic}
     bool SegmentedCodeCache                       = true                                      {product} {ergonomic}
   size_t SoftMaxHeapSize                          = 3177185280                             {manageable} {ergonomic}
     bool UseCompressedClassPointers               = true                           {product lp64_product} {ergonomic}
     bool UseCompressedOops                        = true                           {product lp64_product} {ergonomic}
     bool UseG1GC                                  = true                                      {product} {ergonomic}
     bool UseLargePagesIndividualAllocation        = false                                  {pd product} {ergonomic}

Logging:
Log output configuration:
 #0: stdout all=warning uptime,level,tags foldmultilines=false
 #1: stderr all=off uptime,level,tags foldmultilines=false

Environment Variables:
CLASSPATH=C:\LINGO64_20\Lingo20.jar
PATH=C:\Program Files (x86)\VMware\VMware Player\bin\;C:\Program Files\Common Files\Oracle\Java\javapath;C:\WINDOWS\system32;C:\WINDOWS;C:\WINDOWS\System32\Wbem;C:\WINDOWS\System32\WindowsPowerShell\v1.0\;C:\WINDOWS\System32\OpenSSH\;C:\LINGO64_20\;C:\Program Files (x86)\Microsoft SQL Server\160\Tools\Binn\;C:\Program Files\Microsoft SQL Server\160\Tools\Binn\;C:\Program Files\Microsoft SQL Server\Client SDK\ODBC\170\Tools\Binn\;C:\Program Files\Microsoft SQL Server\160\DTS\Binn\;C:\Program Files (x86)\Microsoft SQL Server\160\DTS\Binn\;C:\Users\LENOVO\AppData\Local\Programs\Python\Python312\Scripts\;C:\Users\LENOVO\AppData\Local\Programs\Python\Python312\;C:\Users\LENOVO\AppData\Local\Programs\Python\Launcher\;C:\Users\LENOVO\AppData\Local\Microsoft\WindowsApps;;C:\Users\LENOVO\AppData\Local\Programs\Microsoft VS Code\bin
USERNAME=LENOVO
OS=Windows_NT
PROCESSOR_IDENTIFIER=Intel64 Family 6 Model 142 Stepping 10, GenuineIntel
TMP=C:\Users\LENOVO\AppData\Local\Temp
TEMP=C:\Users\LENOVO\AppData\Local\Temp




---------------  S Y S T E M  ---------------

OS:
 Windows 11 , 64 bit Build 22621 (10.0.22621.3672)
OS uptime: 4 days 3:49 hours

CPU: total 8 (initial active 8) (4 cores per cpu, 2 threads per core) family 6 model 142 stepping 10 microcode 0xe0, cx8, cmov, fxsr, ht, mmx, 3dnowpref, sse, sse2, sse3, ssse3, sse4.1, sse4.2, popcnt, lzcnt, tsc, tscinvbit, avx, avx2, aes, erms, clmul, bmi1, bmi2, adx, fma, vzeroupper, clflush, clflushopt, rdtscp, f16c

Memory: 4k page, system-wide physical 12119M (449M free)
TotalPageFile size 48983M (AvailPageFile size 0M)
current process WorkingSet (physical memory assigned to process): 35M, peak: 35M
current process commit charge ("private bytes"): 269M, peak: 270M

vm_info: Java HotSpot(TM) 64-Bit Server VM (20.0.2+9-78) for windows-amd64 JRE (20.0.2+9-78), built on 2023-06-14T10:08:48Z by "mach5one" with MS VC++ 17.1 (VS2022)

END.
